TRACE::2022-02-04.11:23:03::SCWPlatform::Trying to open the hw design at C:/Users/ifstu/Vitis/Projects/reflowOS/project_files/vitis/reflow_firmware/memory/fw_memory_platform/hw/arty_basic.xsa
TRACE::2022-02-04.11:23:03::SCWPlatform::DSA given C:/Users/ifstu/Vitis/Projects/reflowOS/project_files/vitis/reflow_firmware/memory/fw_memory_platform/hw/arty_basic.xsa
TRACE::2022-02-04.11:23:03::SCWPlatform::DSA absoulate path C:/Users/ifstu/Vitis/Projects/reflowOS/project_files/vitis/reflow_firmware/memory/fw_memory_platform/hw/arty_basic.xsa
TRACE::2022-02-04.11:23:06::SCWPlatform::DSA directory C:/Users/ifstu/Vitis/Projects/reflowOS/project_files/vitis/reflow_firmware/memory/fw_memory_platform/hw
TRACE::2022-02-04.11:23:06::SCWPlatform:: Platform Path C:/Users/ifstu/Vitis/Projects/reflowOS/project_files/vitis/reflow_firmware/memory/fw_memory_platform/hw/arty_basic.xsa
TRACE::2022-02-04.11:23:06::SCWPlatform:: Unique name xilinx:arty-a7-35::0.0
TRACE::2022-02-04.11:23:06::SCWPlatform::Do not have an existing db opened. 
TRACE::2022-02-04.11:23:06::SCWPlatform::Opened new HwDB with name basic_design_wrapper_0
TRACE::2022-02-04.11:23:06::SCWWriter::formatted JSON is {
	"platformName":	"fw_memory_platform",
	"sprVersion":	"2.0",
	"mode":	"gui",
	"dsaType":	"Fixed",
	"platformDesc":	"fw_memory_platform",
	"platHandOff":	"C:/Users/ifstu/Vitis/Projects/reflow/hardware_export/digilent/artya7/arty_basic.xsa",
	"platIntHandOff":	"<platformDir>/hw/arty_basic.xsa",
	"deviceType":	"FPGA",
	"platIsPrebuiltAutogen":	"false",
	"platIsNoBootBsp":	"false",
	"hasFsblMakeHasChanges":	"false",
	"hasPmufwMakeHasChanges":	"false",
	"platPreBuiltFlag":	false,
	"platformSamplesDir":	""
}
TRACE::2022-02-04.11:23:06::SCWWriter::formatted JSON is {
	"platformName":	"fw_memory_platform",
	"sprVersion":	"2.0",
	"mode":	"gui",
	"dsaType":	"Fixed",
	"platformDesc":	"fw_memory_platform",
	"platHandOff":	"C:/Users/ifstu/Vitis/Projects/reflow/hardware_export/digilent/artya7/arty_basic.xsa",
	"platIntHandOff":	"<platformDir>/hw/arty_basic.xsa",
	"deviceType":	"FPGA",
	"platIsPrebuiltAutogen":	"false",
	"platIsNoBootBsp":	"false",
	"hasFsblMakeHasChanges":	"false",
	"hasPmufwMakeHasChanges":	"false",
	"platPreBuiltFlag":	false,
	"platformSamplesDir":	"",
	"platActiveSys":	"fw_memory_platform",
	"systems":	[{
			"systemName":	"fw_memory_platform",
			"systemDesc":	"fw_memory_platform",
			"sysIsBootAutoGen":	"true",
			"systemDispName":	"fw_memory_platform"
		}]
}
TRACE::2022-02-04.11:23:06::SCWPlatform::Boot application domains not present, creating them
TRACE::2022-02-04.11:23:06::SCWPlatform::Pure FPGA device, no boot application will be created.
TRACE::2022-02-04.11:23:06::SCWWriter::formatted JSON is {
	"platformName":	"fw_memory_platform",
	"sprVersion":	"2.0",
	"mode":	"gui",
	"dsaType":	"Fixed",
	"platformDesc":	"fw_memory_platform",
	"platHandOff":	"C:/Users/ifstu/Vitis/Projects/reflow/hardware_export/digilent/artya7/arty_basic.xsa",
	"platIntHandOff":	"<platformDir>/hw/arty_basic.xsa",
	"deviceType":	"FPGA",
	"platIsPrebuiltAutogen":	"false",
	"platIsNoBootBsp":	"false",
	"hasFsblMakeHasChanges":	"false",
	"hasPmufwMakeHasChanges":	"false",
	"platPreBuiltFlag":	false,
	"platformSamplesDir":	"",
	"platActiveSys":	"fw_memory_platform",
	"systems":	[{
			"systemName":	"fw_memory_platform",
			"systemDesc":	"fw_memory_platform",
			"sysIsBootAutoGen":	"true",
			"systemDispName":	"fw_memory_platform"
		}]
}
TRACE::2022-02-04.11:23:06::SCWPlatform::Trying to open the hw design at C:/Users/ifstu/Vitis/Projects/reflowOS/project_files/vitis/reflow_firmware/memory/fw_memory_platform/hw/arty_basic.xsa
TRACE::2022-02-04.11:23:06::SCWPlatform::DSA given C:/Users/ifstu/Vitis/Projects/reflowOS/project_files/vitis/reflow_firmware/memory/fw_memory_platform/hw/arty_basic.xsa
TRACE::2022-02-04.11:23:06::SCWPlatform::DSA absoulate path C:/Users/ifstu/Vitis/Projects/reflowOS/project_files/vitis/reflow_firmware/memory/fw_memory_platform/hw/arty_basic.xsa
TRACE::2022-02-04.11:23:06::SCWPlatform::DSA directory C:/Users/ifstu/Vitis/Projects/reflowOS/project_files/vitis/reflow_firmware/memory/fw_memory_platform/hw
TRACE::2022-02-04.11:23:06::SCWPlatform:: Platform Path C:/Users/ifstu/Vitis/Projects/reflowOS/project_files/vitis/reflow_firmware/memory/fw_memory_platform/hw/arty_basic.xsa
TRACE::2022-02-04.11:23:06::SCWPlatform:: Unique name xilinx:arty-a7-35::0.0
TRACE::2022-02-04.11:23:06::SCWPlatform::Trying to set the existing hwdb with name basic_design_wrapper_0
TRACE::2022-02-04.11:23:06::SCWPlatform::Opened existing hwdb basic_design_wrapper_0
TRACE::2022-02-04.11:23:06::SCWPlatform::Found the Hw Db part of the input DSA
TRACE::2022-02-04.11:23:06::SCWDomain::checking for install qemu data   : 
TRACE::2022-02-04.11:23:06::SCWPlatform::Trying to open the hw design at C:/Users/ifstu/Vitis/Projects/reflowOS/project_files/vitis/reflow_firmware/memory/fw_memory_platform/hw/arty_basic.xsa
TRACE::2022-02-04.11:23:06::SCWPlatform::DSA given C:/Users/ifstu/Vitis/Projects/reflowOS/project_files/vitis/reflow_firmware/memory/fw_memory_platform/hw/arty_basic.xsa
TRACE::2022-02-04.11:23:06::SCWPlatform::DSA absoulate path C:/Users/ifstu/Vitis/Projects/reflowOS/project_files/vitis/reflow_firmware/memory/fw_memory_platform/hw/arty_basic.xsa
TRACE::2022-02-04.11:23:06::SCWPlatform::DSA directory C:/Users/ifstu/Vitis/Projects/reflowOS/project_files/vitis/reflow_firmware/memory/fw_memory_platform/hw
TRACE::2022-02-04.11:23:06::SCWPlatform:: Platform Path C:/Users/ifstu/Vitis/Projects/reflowOS/project_files/vitis/reflow_firmware/memory/fw_memory_platform/hw/arty_basic.xsa
TRACE::2022-02-04.11:23:06::SCWPlatform:: Unique name xilinx:arty-a7-35::0.0
TRACE::2022-02-04.11:23:06::SCWPlatform::Trying to set the existing hwdb with name basic_design_wrapper_0
TRACE::2022-02-04.11:23:06::SCWPlatform::Opened existing hwdb basic_design_wrapper_0
TRACE::2022-02-04.11:23:06::SCWPlatform::Found the Hw Db part of the input DSA
TRACE::2022-02-04.11:23:06::SCWPlatform::Trying to open the hw design at C:/Users/ifstu/Vitis/Projects/reflowOS/project_files/vitis/reflow_firmware/memory/fw_memory_platform/hw/arty_basic.xsa
TRACE::2022-02-04.11:23:06::SCWPlatform::DSA given C:/Users/ifstu/Vitis/Projects/reflowOS/project_files/vitis/reflow_firmware/memory/fw_memory_platform/hw/arty_basic.xsa
TRACE::2022-02-04.11:23:06::SCWPlatform::DSA absoulate path C:/Users/ifstu/Vitis/Projects/reflowOS/project_files/vitis/reflow_firmware/memory/fw_memory_platform/hw/arty_basic.xsa
TRACE::2022-02-04.11:23:06::SCWPlatform::DSA directory C:/Users/ifstu/Vitis/Projects/reflowOS/project_files/vitis/reflow_firmware/memory/fw_memory_platform/hw
TRACE::2022-02-04.11:23:06::SCWPlatform:: Platform Path C:/Users/ifstu/Vitis/Projects/reflowOS/project_files/vitis/reflow_firmware/memory/fw_memory_platform/hw/arty_basic.xsa
TRACE::2022-02-04.11:23:06::SCWPlatform:: Unique name xilinx:arty-a7-35::0.0
TRACE::2022-02-04.11:23:06::SCWPlatform::Trying to set the existing hwdb with name basic_design_wrapper_0
TRACE::2022-02-04.11:23:06::SCWPlatform::Opened existing hwdb basic_design_wrapper_0
TRACE::2022-02-04.11:23:06::SCWPlatform::Found the Hw Db part of the input DSA
TRACE::2022-02-04.11:23:06::SCWPlatform::Trying to open the hw design at C:/Users/ifstu/Vitis/Projects/reflowOS/project_files/vitis/reflow_firmware/memory/fw_memory_platform/hw/arty_basic.xsa
TRACE::2022-02-04.11:23:06::SCWPlatform::DSA given C:/Users/ifstu/Vitis/Projects/reflowOS/project_files/vitis/reflow_firmware/memory/fw_memory_platform/hw/arty_basic.xsa
TRACE::2022-02-04.11:23:06::SCWPlatform::DSA absoulate path C:/Users/ifstu/Vitis/Projects/reflowOS/project_files/vitis/reflow_firmware/memory/fw_memory_platform/hw/arty_basic.xsa
TRACE::2022-02-04.11:23:06::SCWPlatform::DSA directory C:/Users/ifstu/Vitis/Projects/reflowOS/project_files/vitis/reflow_firmware/memory/fw_memory_platform/hw
TRACE::2022-02-04.11:23:06::SCWPlatform:: Platform Path C:/Users/ifstu/Vitis/Projects/reflowOS/project_files/vitis/reflow_firmware/memory/fw_memory_platform/hw/arty_basic.xsa
TRACE::2022-02-04.11:23:06::SCWPlatform:: Unique name xilinx:arty-a7-35::0.0
TRACE::2022-02-04.11:23:06::SCWPlatform::Trying to set the existing hwdb with name basic_design_wrapper_0
TRACE::2022-02-04.11:23:06::SCWPlatform::Opened existing hwdb basic_design_wrapper_0
TRACE::2022-02-04.11:23:06::SCWPlatform::Found the Hw Db part of the input DSA
TRACE::2022-02-04.11:23:06::SCWMssOS::Checking the sw design at  C:/Users/ifstu/Vitis/Projects/reflowOS/project_files/vitis/reflow_firmware/memory/fw_memory_platform/microblaze_0/standalone_domain/bsp/system.mss
TRACE::2022-02-04.11:23:06::SCWMssOS::DEBUG:  swdes dump  
TRACE::2022-02-04.11:23:06::SCWMssOS::No sw design opened at  C:/Users/ifstu/Vitis/Projects/reflowOS/project_files/vitis/reflow_firmware/memory/fw_memory_platform/microblaze_0/standalone_domain/bsp/system.mss
TRACE::2022-02-04.11:23:06::SCWMssOS::mss does not exists at C:/Users/ifstu/Vitis/Projects/reflowOS/project_files/vitis/reflow_firmware/memory/fw_memory_platform/microblaze_0/standalone_domain/bsp/system.mss
TRACE::2022-02-04.11:23:06::SCWMssOS::Creating sw design at  C:/Users/ifstu/Vitis/Projects/reflowOS/project_files/vitis/reflow_firmware/memory/fw_memory_platform/microblaze_0/standalone_domain/bsp/system.mss
TRACE::2022-02-04.11:23:06::SCWMssOS::Adding the swdes entry, created swdb C:/Users/ifstu/Vitis/Projects/reflowOS/project_files/vitis/reflow_firmware/memory/fw_memory_platform/microblaze_0/standalone_domain/bsp/system.mss with des name C:/Users/ifstu/Vitis/Projects/reflowOS/project_files/vitis/reflow_firmware/memory/fw_memory_platform/microblaze_0/standalone_domain/bsp/system.mss
TRACE::2022-02-04.11:23:06::SCWMssOS::updating the scw layer changes to swdes at   C:/Users/ifstu/Vitis/Projects/reflowOS/project_files/vitis/reflow_firmware/memory/fw_memory_platform/microblaze_0/standalone_domain/bsp/system.mss
TRACE::2022-02-04.11:23:06::SCWMssOS::Writing mss at C:/Users/ifstu/Vitis/Projects/reflowOS/project_files/vitis/reflow_firmware/memory/fw_memory_platform/microblaze_0/standalone_domain/bsp/system.mss
TRACE::2022-02-04.11:23:06::SCWMssOS::Completed writing the mss file at C:/Users/ifstu/Vitis/Projects/reflowOS/project_files/vitis/reflow_firmware/memory/fw_memory_platform/microblaze_0/standalone_domain/bsp
TRACE::2022-02-04.11:23:06::SCWMssOS::Picking up changes from newly written mss file into SCW Layer. 
TRACE::2022-02-04.11:23:06::SCWMssOS::Updated the changes from newly written mss file into SCW Layer. 
TRACE::2022-02-04.11:23:06::SCWMssOS::Completed writing the mss file at C:/Users/ifstu/Vitis/Projects/reflowOS/project_files/vitis/reflow_firmware/memory/fw_memory_platform/microblaze_0/standalone_domain/bsp
TRACE::2022-02-04.11:23:06::SCWMssOS::Forcing BSP Sources regeneration.
TRACE::2022-02-04.11:23:09::SCWMssOS::Saving the mss changes C:/Users/ifstu/Vitis/Projects/reflowOS/project_files/vitis/reflow_firmware/memory/fw_memory_platform/microblaze_0/standalone_domain/bsp/system.mss
TRACE::2022-02-04.11:23:09::SCWMssOS::Found a swdesign opened with the mssfile.
TRACE::2022-02-04.11:23:09::SCWMssOS::Running validate of swdbs.
KEYINFO::2022-02-04.11:23:09::SCWMssOS::Could not open the swdb for C:/Users/ifstu/Vitis/Projects/reflowOS/project_files/vitis/reflow_firmware/memory/fw_memory_platform/microblaze_0/standalone_domain/bsp/system.mss
KEYINFO::2022-02-04.11:23:09::SCWMssOS::Could not open the sw design at  C:/Users/ifstu/Vitis/Projects/reflowOS/project_files/vitis/reflow_firmware/memory/fw_memory_platform/microblaze_0/standalone_domain/bsp/system.mss
ERROR: [Hsi 55-1558] Software Design C:/Users/ifstu/Vitis/Projects/reflowOS/project_files/vitis/reflow_firmware/memory/fw_memory_platform/microblaze_0/standalone_domain/bsp/system.mss is not found

TRACE::2022-02-04.11:23:09::SCWMssOS::Cleared the swdb table entry
TRACE::2022-02-04.11:23:09::SCWMssOS::Adding the swdes entry, mss present, able to open swdb C:/Users/ifstu/Vitis/Projects/reflowOS/project_files/vitis/reflow_firmware/memory/fw_memory_platform/microblaze_0/standalone_domain/bsp/system.mss with des name system
TRACE::2022-02-04.11:23:09::SCWMssOS::Writing the mss file completed C:/Users/ifstu/Vitis/Projects/reflowOS/project_files/vitis/reflow_firmware/memory/fw_memory_platform/microblaze_0/standalone_domain/bsp/system.mss
TRACE::2022-02-04.11:23:09::SCWMssOS::Commit changes completed.
TRACE::2022-02-04.11:23:09::SCWPlatform::Trying to open the hw design at C:/Users/ifstu/Vitis/Projects/reflowOS/project_files/vitis/reflow_firmware/memory/fw_memory_platform/hw/arty_basic.xsa
TRACE::2022-02-04.11:23:09::SCWPlatform::DSA given C:/Users/ifstu/Vitis/Projects/reflowOS/project_files/vitis/reflow_firmware/memory/fw_memory_platform/hw/arty_basic.xsa
TRACE::2022-02-04.11:23:09::SCWPlatform::DSA absoulate path C:/Users/ifstu/Vitis/Projects/reflowOS/project_files/vitis/reflow_firmware/memory/fw_memory_platform/hw/arty_basic.xsa
TRACE::2022-02-04.11:23:09::SCWPlatform::DSA directory C:/Users/ifstu/Vitis/Projects/reflowOS/project_files/vitis/reflow_firmware/memory/fw_memory_platform/hw
TRACE::2022-02-04.11:23:09::SCWPlatform:: Platform Path C:/Users/ifstu/Vitis/Projects/reflowOS/project_files/vitis/reflow_firmware/memory/fw_memory_platform/hw/arty_basic.xsa
TRACE::2022-02-04.11:23:09::SCWPlatform:: Unique name xilinx:arty-a7-35::0.0
TRACE::2022-02-04.11:23:09::SCWPlatform::Trying to set the existing hwdb with name basic_design_wrapper_0
TRACE::2022-02-04.11:23:09::SCWPlatform::Opened existing hwdb basic_design_wrapper_0
TRACE::2022-02-04.11:23:09::SCWPlatform::Found the Hw Db part of the input DSA
TRACE::2022-02-04.11:23:09::SCWMssOS::Checking the sw design at  C:/Users/ifstu/Vitis/Projects/reflowOS/project_files/vitis/reflow_firmware/memory/fw_memory_platform/microblaze_0/standalone_domain/bsp/system.mss
TRACE::2022-02-04.11:23:09::SCWMssOS::DEBUG:  swdes dump  C:/Users/ifstu/Vitis/Projects/reflowOS/project_files/vitis/reflow_firmware/memory/fw_memory_platform/microblaze_0/standalone_domain/bsp/system.mss|system||

TRACE::2022-02-04.11:23:09::SCWMssOS::Sw design exists and opened at  C:/Users/ifstu/Vitis/Projects/reflowOS/project_files/vitis/reflow_firmware/memory/fw_memory_platform/microblaze_0/standalone_domain/bsp/system.mss
TRACE::2022-02-04.11:23:09::SCWPlatform::Trying to open the hw design at C:/Users/ifstu/Vitis/Projects/reflowOS/project_files/vitis/reflow_firmware/memory/fw_memory_platform/hw/arty_basic.xsa
TRACE::2022-02-04.11:23:09::SCWPlatform::DSA given C:/Users/ifstu/Vitis/Projects/reflowOS/project_files/vitis/reflow_firmware/memory/fw_memory_platform/hw/arty_basic.xsa
TRACE::2022-02-04.11:23:09::SCWPlatform::DSA absoulate path C:/Users/ifstu/Vitis/Projects/reflowOS/project_files/vitis/reflow_firmware/memory/fw_memory_platform/hw/arty_basic.xsa
TRACE::2022-02-04.11:23:09::SCWPlatform::DSA directory C:/Users/ifstu/Vitis/Projects/reflowOS/project_files/vitis/reflow_firmware/memory/fw_memory_platform/hw
TRACE::2022-02-04.11:23:09::SCWPlatform:: Platform Path C:/Users/ifstu/Vitis/Projects/reflowOS/project_files/vitis/reflow_firmware/memory/fw_memory_platform/hw/arty_basic.xsa
TRACE::2022-02-04.11:23:09::SCWPlatform:: Unique name xilinx:arty-a7-35::0.0
TRACE::2022-02-04.11:23:09::SCWPlatform::Trying to set the existing hwdb with name basic_design_wrapper_0
TRACE::2022-02-04.11:23:09::SCWPlatform::Opened existing hwdb basic_design_wrapper_0
TRACE::2022-02-04.11:23:09::SCWPlatform::Found the Hw Db part of the input DSA
TRACE::2022-02-04.11:23:09::SCWMssOS::Checking the sw design at  C:/Users/ifstu/Vitis/Projects/reflowOS/project_files/vitis/reflow_firmware/memory/fw_memory_platform/microblaze_0/standalone_domain/bsp/system.mss
TRACE::2022-02-04.11:23:09::SCWMssOS::DEBUG:  swdes dump  C:/Users/ifstu/Vitis/Projects/reflowOS/project_files/vitis/reflow_firmware/memory/fw_memory_platform/microblaze_0/standalone_domain/bsp/system.mss|system||

TRACE::2022-02-04.11:23:09::SCWMssOS::Sw design exists and opened at  C:/Users/ifstu/Vitis/Projects/reflowOS/project_files/vitis/reflow_firmware/memory/fw_memory_platform/microblaze_0/standalone_domain/bsp/system.mss
TRACE::2022-02-04.11:23:09::SCWPlatform::Trying to open the hw design at C:/Users/ifstu/Vitis/Projects/reflowOS/project_files/vitis/reflow_firmware/memory/fw_memory_platform/hw/arty_basic.xsa
TRACE::2022-02-04.11:23:09::SCWPlatform::DSA given C:/Users/ifstu/Vitis/Projects/reflowOS/project_files/vitis/reflow_firmware/memory/fw_memory_platform/hw/arty_basic.xsa
TRACE::2022-02-04.11:23:09::SCWPlatform::DSA absoulate path C:/Users/ifstu/Vitis/Projects/reflowOS/project_files/vitis/reflow_firmware/memory/fw_memory_platform/hw/arty_basic.xsa
TRACE::2022-02-04.11:23:09::SCWPlatform::DSA directory C:/Users/ifstu/Vitis/Projects/reflowOS/project_files/vitis/reflow_firmware/memory/fw_memory_platform/hw
TRACE::2022-02-04.11:23:09::SCWPlatform:: Platform Path C:/Users/ifstu/Vitis/Projects/reflowOS/project_files/vitis/reflow_firmware/memory/fw_memory_platform/hw/arty_basic.xsa
TRACE::2022-02-04.11:23:09::SCWPlatform:: Unique name xilinx:arty-a7-35::0.0
TRACE::2022-02-04.11:23:09::SCWPlatform::Trying to set the existing hwdb with name basic_design_wrapper_0
TRACE::2022-02-04.11:23:09::SCWPlatform::Opened existing hwdb basic_design_wrapper_0
TRACE::2022-02-04.11:23:09::SCWPlatform::Found the Hw Db part of the input DSA
TRACE::2022-02-04.11:23:09::SCWMssOS::Checking the sw design at  C:/Users/ifstu/Vitis/Projects/reflowOS/project_files/vitis/reflow_firmware/memory/fw_memory_platform/microblaze_0/standalone_domain/bsp/system.mss
TRACE::2022-02-04.11:23:09::SCWMssOS::DEBUG:  swdes dump  C:/Users/ifstu/Vitis/Projects/reflowOS/project_files/vitis/reflow_firmware/memory/fw_memory_platform/microblaze_0/standalone_domain/bsp/system.mss|system||

TRACE::2022-02-04.11:23:09::SCWMssOS::Sw design exists and opened at  C:/Users/ifstu/Vitis/Projects/reflowOS/project_files/vitis/reflow_firmware/memory/fw_memory_platform/microblaze_0/standalone_domain/bsp/system.mss
TRACE::2022-02-04.11:23:09::SCWWriter::formatted JSON is {
	"platformName":	"fw_memory_platform",
	"sprVersion":	"2.0",
	"mode":	"gui",
	"dsaType":	"Fixed",
	"platformDesc":	"fw_memory_platform",
	"platHandOff":	"C:/Users/ifstu/Vitis/Projects/reflow/hardware_export/digilent/artya7/arty_basic.xsa",
	"platIntHandOff":	"<platformDir>/hw/arty_basic.xsa",
	"deviceType":	"FPGA",
	"platIsPrebuiltAutogen":	"false",
	"platIsNoBootBsp":	"false",
	"hasFsblMakeHasChanges":	"false",
	"hasPmufwMakeHasChanges":	"false",
	"platPreBuiltFlag":	false,
	"platformSamplesDir":	"",
	"platActiveSys":	"fw_memory_platform",
	"systems":	[{
			"systemName":	"fw_memory_platform",
			"systemDesc":	"fw_memory_platform",
			"sysIsBootAutoGen":	"true",
			"systemDispName":	"fw_memory_platform",
			"sysActiveDom":	"standalone_domain",
			"sysDefaultDom":	"standalone_domain",
			"domains":	[{
					"domainName":	"standalone_domain",
					"domainDispName":	"standalone_domain",
					"domainDesc":	"standalone_domain",
					"processors":	"microblaze_0",
					"os":	"standalone",
					"sdxOs":	"standalone",
					"debugEnable":	"False",
					"domRuntimes":	["cpp"],
					"swRepo":	"",
					"mssOsVer":	"7.3",
					"mssFile":	"",
					"md5Digest":	"0540edc0380e511909353a22354a5913",
					"compatibleApp":	"",
					"domType":	"mssDomain",
					"arch":	"32-bit",
					"appSettings":	{
						"appCompilerFlags":	"",
						"appLinkerFlags":	""
					},
					"addedLibs":	[],
					"libOptions":	{
						"libsContainingOptions":	[]
					},
					"prebuiltLibs":	{
						"prebuiltIncPath":	[],
						"prebuiltLibPath":	[]
					},
					"isolation":	{
					}
				}]
		}]
}
LOG::2022-02-04.11:23:09::SCWPlatform::Started generating the artifacts platform fw_memory_platform
TRACE::2022-02-04.11:23:09::SCWPlatform::Sanity checking of platform is completed
LOG::2022-02-04.11:23:09::SCWPlatform::Started generating the artifacts for system configuration fw_memory_platform
LOG::2022-02-04.11:23:09::SCWSystem::Checking the domain standalone_domain
LOG::2022-02-04.11:23:09::SCWSystem::Not a boot domain 
LOG::2022-02-04.11:23:09::SCWSystem::Started Processing the domain standalone_domain
TRACE::2022-02-04.11:23:09::SCWDomain::Generating domain artifcats
TRACE::2022-02-04.11:23:09::SCWMssOS::Generating standalone artifcats
TRACE::2022-02-04.11:23:09::SCWMssOS:: Copying the user libraries. 
TRACE::2022-02-04.11:23:09::SCWPlatform::Trying to open the hw design at C:/Users/ifstu/Vitis/Projects/reflowOS/project_files/vitis/reflow_firmware/memory/fw_memory_platform/hw/arty_basic.xsa
TRACE::2022-02-04.11:23:09::SCWPlatform::DSA given C:/Users/ifstu/Vitis/Projects/reflowOS/project_files/vitis/reflow_firmware/memory/fw_memory_platform/hw/arty_basic.xsa
TRACE::2022-02-04.11:23:09::SCWPlatform::DSA absoulate path C:/Users/ifstu/Vitis/Projects/reflowOS/project_files/vitis/reflow_firmware/memory/fw_memory_platform/hw/arty_basic.xsa
TRACE::2022-02-04.11:23:09::SCWPlatform::DSA directory C:/Users/ifstu/Vitis/Projects/reflowOS/project_files/vitis/reflow_firmware/memory/fw_memory_platform/hw
TRACE::2022-02-04.11:23:09::SCWPlatform:: Platform Path C:/Users/ifstu/Vitis/Projects/reflowOS/project_files/vitis/reflow_firmware/memory/fw_memory_platform/hw/arty_basic.xsa
TRACE::2022-02-04.11:23:09::SCWPlatform:: Unique name xilinx:arty-a7-35::0.0
TRACE::2022-02-04.11:23:09::SCWPlatform::Trying to set the existing hwdb with name basic_design_wrapper_0
TRACE::2022-02-04.11:23:09::SCWPlatform::Opened existing hwdb basic_design_wrapper_0
TRACE::2022-02-04.11:23:09::SCWPlatform::Found the Hw Db part of the input DSA
TRACE::2022-02-04.11:23:09::SCWMssOS::Checking the sw design at  C:/Users/ifstu/Vitis/Projects/reflowOS/project_files/vitis/reflow_firmware/memory/fw_memory_platform/microblaze_0/standalone_domain/bsp/system.mss
TRACE::2022-02-04.11:23:09::SCWMssOS::DEBUG:  swdes dump  C:/Users/ifstu/Vitis/Projects/reflowOS/project_files/vitis/reflow_firmware/memory/fw_memory_platform/microblaze_0/standalone_domain/bsp/system.mss|system||

TRACE::2022-02-04.11:23:09::SCWMssOS::Sw design exists and opened at  C:/Users/ifstu/Vitis/Projects/reflowOS/project_files/vitis/reflow_firmware/memory/fw_memory_platform/microblaze_0/standalone_domain/bsp/system.mss
TRACE::2022-02-04.11:23:09::SCWMssOS::Completed writing the mss file at C:/Users/ifstu/Vitis/Projects/reflowOS/project_files/vitis/reflow_firmware/memory/fw_memory_platform/microblaze_0/standalone_domain/bsp
TRACE::2022-02-04.11:23:09::SCWMssOS::Mss edits present, copying mssfile into export location C:/Users/ifstu/Vitis/Projects/reflowOS/project_files/vitis/reflow_firmware/memory/fw_memory_platform/microblaze_0/standalone_domain/bsp/system.mss
TRACE::2022-02-04.11:23:09::SCWMssOS::bsp generated is upto date with the mss file. Skipping bsp generation.
TRACE::2022-02-04.11:23:09::SCWMssOS::BSP is already built. skipping the bsp build ... 
TRACE::2022-02-04.11:23:09::SCWDomain::Skipping the build for domain :  standalone_domain
TRACE::2022-02-04.11:23:09::SCWMssOS::skipping the bsp build ... 
TRACE::2022-02-04.11:23:09::SCWMssOS::Copying to export directory.
TRACE::2022-02-04.11:23:09::SCWMssOS:: Checking if to create the Supporting Applications
TRACE::2022-02-04.11:23:09::SCWMssOS:: No Linux domain exists, trying to generate FSBL 
LOG::2022-02-04.11:23:09::SCWSystem::Completed Processing the domain standalone_domain
LOG::2022-02-04.11:23:09::SCWSystem::Completed Processing the sysconfig fw_memory_platform
LOG::2022-02-04.11:23:09::SCWPlatform::Completed generating the artifacts for system configuration fw_memory_platform
TRACE::2022-02-04.11:23:09::SCWPlatform::Started preparing the platform 
TRACE::2022-02-04.11:23:09::SCWSystem::Writing the bif file for system config fw_memory_platform
TRACE::2022-02-04.11:23:09::SCWSystem::dir created 
TRACE::2022-02-04.11:23:09::SCWSystem::Writing the bif 
TRACE::2022-02-04.11:23:09::SCWPlatform::Started writing the spfm file 
TRACE::2022-02-04.11:23:09::SCWPlatform::Started writing the xpfm file 
TRACE::2022-02-04.11:23:09::SCWPlatform::Completed generating the platform
TRACE::2022-02-04.11:23:09::SCWMssOS::Saving the mss changes C:/Users/ifstu/Vitis/Projects/reflowOS/project_files/vitis/reflow_firmware/memory/fw_memory_platform/microblaze_0/standalone_domain/bsp/system.mss
TRACE::2022-02-04.11:23:09::SCWMssOS::Found a swdesign opened with the mssfile.
TRACE::2022-02-04.11:23:09::SCWMssOS::Completed writemss as part of save.
TRACE::2022-02-04.11:23:09::SCWMssOS::Commit changes completed.
TRACE::2022-02-04.11:23:09::SCWPlatform::Trying to open the hw design at C:/Users/ifstu/Vitis/Projects/reflowOS/project_files/vitis/reflow_firmware/memory/fw_memory_platform/hw/arty_basic.xsa
TRACE::2022-02-04.11:23:09::SCWPlatform::DSA given C:/Users/ifstu/Vitis/Projects/reflowOS/project_files/vitis/reflow_firmware/memory/fw_memory_platform/hw/arty_basic.xsa
TRACE::2022-02-04.11:23:09::SCWPlatform::DSA absoulate path C:/Users/ifstu/Vitis/Projects/reflowOS/project_files/vitis/reflow_firmware/memory/fw_memory_platform/hw/arty_basic.xsa
TRACE::2022-02-04.11:23:09::SCWPlatform::DSA directory C:/Users/ifstu/Vitis/Projects/reflowOS/project_files/vitis/reflow_firmware/memory/fw_memory_platform/hw
TRACE::2022-02-04.11:23:09::SCWPlatform:: Platform Path C:/Users/ifstu/Vitis/Projects/reflowOS/project_files/vitis/reflow_firmware/memory/fw_memory_platform/hw/arty_basic.xsa
TRACE::2022-02-04.11:23:09::SCWPlatform:: Unique name xilinx:arty-a7-35::0.0
TRACE::2022-02-04.11:23:09::SCWPlatform::Trying to set the existing hwdb with name basic_design_wrapper_0
TRACE::2022-02-04.11:23:09::SCWPlatform::Opened existing hwdb basic_design_wrapper_0
TRACE::2022-02-04.11:23:09::SCWPlatform::Found the Hw Db part of the input DSA
TRACE::2022-02-04.11:23:09::SCWMssOS::Checking the sw design at  C:/Users/ifstu/Vitis/Projects/reflowOS/project_files/vitis/reflow_firmware/memory/fw_memory_platform/microblaze_0/standalone_domain/bsp/system.mss
TRACE::2022-02-04.11:23:09::SCWMssOS::DEBUG:  swdes dump  C:/Users/ifstu/Vitis/Projects/reflowOS/project_files/vitis/reflow_firmware/memory/fw_memory_platform/microblaze_0/standalone_domain/bsp/system.mss|system||

TRACE::2022-02-04.11:23:09::SCWMssOS::Sw design exists and opened at  C:/Users/ifstu/Vitis/Projects/reflowOS/project_files/vitis/reflow_firmware/memory/fw_memory_platform/microblaze_0/standalone_domain/bsp/system.mss
TRACE::2022-02-04.11:23:09::SCWPlatform::Trying to open the hw design at C:/Users/ifstu/Vitis/Projects/reflowOS/project_files/vitis/reflow_firmware/memory/fw_memory_platform/hw/arty_basic.xsa
TRACE::2022-02-04.11:23:09::SCWPlatform::DSA given C:/Users/ifstu/Vitis/Projects/reflowOS/project_files/vitis/reflow_firmware/memory/fw_memory_platform/hw/arty_basic.xsa
TRACE::2022-02-04.11:23:09::SCWPlatform::DSA absoulate path C:/Users/ifstu/Vitis/Projects/reflowOS/project_files/vitis/reflow_firmware/memory/fw_memory_platform/hw/arty_basic.xsa
TRACE::2022-02-04.11:23:09::SCWPlatform::DSA directory C:/Users/ifstu/Vitis/Projects/reflowOS/project_files/vitis/reflow_firmware/memory/fw_memory_platform/hw
TRACE::2022-02-04.11:23:09::SCWPlatform:: Platform Path C:/Users/ifstu/Vitis/Projects/reflowOS/project_files/vitis/reflow_firmware/memory/fw_memory_platform/hw/arty_basic.xsa
TRACE::2022-02-04.11:23:09::SCWPlatform:: Unique name xilinx:arty-a7-35::0.0
TRACE::2022-02-04.11:23:09::SCWPlatform::Trying to set the existing hwdb with name basic_design_wrapper_0
TRACE::2022-02-04.11:23:09::SCWPlatform::Opened existing hwdb basic_design_wrapper_0
TRACE::2022-02-04.11:23:09::SCWPlatform::Found the Hw Db part of the input DSA
TRACE::2022-02-04.11:23:09::SCWMssOS::Checking the sw design at  C:/Users/ifstu/Vitis/Projects/reflowOS/project_files/vitis/reflow_firmware/memory/fw_memory_platform/microblaze_0/standalone_domain/bsp/system.mss
TRACE::2022-02-04.11:23:09::SCWMssOS::DEBUG:  swdes dump  C:/Users/ifstu/Vitis/Projects/reflowOS/project_files/vitis/reflow_firmware/memory/fw_memory_platform/microblaze_0/standalone_domain/bsp/system.mss|system||

TRACE::2022-02-04.11:23:09::SCWMssOS::Sw design exists and opened at  C:/Users/ifstu/Vitis/Projects/reflowOS/project_files/vitis/reflow_firmware/memory/fw_memory_platform/microblaze_0/standalone_domain/bsp/system.mss
TRACE::2022-02-04.11:23:09::SCWPlatform::Trying to open the hw design at C:/Users/ifstu/Vitis/Projects/reflowOS/project_files/vitis/reflow_firmware/memory/fw_memory_platform/hw/arty_basic.xsa
TRACE::2022-02-04.11:23:09::SCWPlatform::DSA given C:/Users/ifstu/Vitis/Projects/reflowOS/project_files/vitis/reflow_firmware/memory/fw_memory_platform/hw/arty_basic.xsa
TRACE::2022-02-04.11:23:09::SCWPlatform::DSA absoulate path C:/Users/ifstu/Vitis/Projects/reflowOS/project_files/vitis/reflow_firmware/memory/fw_memory_platform/hw/arty_basic.xsa
TRACE::2022-02-04.11:23:09::SCWPlatform::DSA directory C:/Users/ifstu/Vitis/Projects/reflowOS/project_files/vitis/reflow_firmware/memory/fw_memory_platform/hw
TRACE::2022-02-04.11:23:09::SCWPlatform:: Platform Path C:/Users/ifstu/Vitis/Projects/reflowOS/project_files/vitis/reflow_firmware/memory/fw_memory_platform/hw/arty_basic.xsa
TRACE::2022-02-04.11:23:09::SCWPlatform:: Unique name xilinx:arty-a7-35::0.0
TRACE::2022-02-04.11:23:09::SCWPlatform::Trying to set the existing hwdb with name basic_design_wrapper_0
TRACE::2022-02-04.11:23:09::SCWPlatform::Opened existing hwdb basic_design_wrapper_0
TRACE::2022-02-04.11:23:09::SCWPlatform::Found the Hw Db part of the input DSA
TRACE::2022-02-04.11:23:09::SCWMssOS::Checking the sw design at  C:/Users/ifstu/Vitis/Projects/reflowOS/project_files/vitis/reflow_firmware/memory/fw_memory_platform/microblaze_0/standalone_domain/bsp/system.mss
TRACE::2022-02-04.11:23:09::SCWMssOS::DEBUG:  swdes dump  C:/Users/ifstu/Vitis/Projects/reflowOS/project_files/vitis/reflow_firmware/memory/fw_memory_platform/microblaze_0/standalone_domain/bsp/system.mss|system||

TRACE::2022-02-04.11:23:09::SCWMssOS::Sw design exists and opened at  C:/Users/ifstu/Vitis/Projects/reflowOS/project_files/vitis/reflow_firmware/memory/fw_memory_platform/microblaze_0/standalone_domain/bsp/system.mss
TRACE::2022-02-04.11:23:09::SCWWriter::formatted JSON is {
	"platformName":	"fw_memory_platform",
	"sprVersion":	"2.0",
	"mode":	"gui",
	"dsaType":	"Fixed",
	"platformDesc":	"fw_memory_platform",
	"platHandOff":	"C:/Users/ifstu/Vitis/Projects/reflow/hardware_export/digilent/artya7/arty_basic.xsa",
	"platIntHandOff":	"<platformDir>/hw/arty_basic.xsa",
	"deviceType":	"FPGA",
	"platIsPrebuiltAutogen":	"false",
	"platIsNoBootBsp":	"false",
	"hasFsblMakeHasChanges":	"false",
	"hasPmufwMakeHasChanges":	"false",
	"platPreBuiltFlag":	false,
	"platformSamplesDir":	"",
	"platActiveSys":	"fw_memory_platform",
	"systems":	[{
			"systemName":	"fw_memory_platform",
			"systemDesc":	"fw_memory_platform",
			"sysIsBootAutoGen":	"true",
			"systemDispName":	"fw_memory_platform",
			"sysActiveDom":	"standalone_domain",
			"sysDefaultDom":	"standalone_domain",
			"domains":	[{
					"domainName":	"standalone_domain",
					"domainDispName":	"standalone_domain",
					"domainDesc":	"standalone_domain",
					"processors":	"microblaze_0",
					"os":	"standalone",
					"sdxOs":	"standalone",
					"debugEnable":	"False",
					"domRuntimes":	["cpp"],
					"swRepo":	"",
					"mssOsVer":	"7.3",
					"mssFile":	"",
					"md5Digest":	"0540edc0380e511909353a22354a5913",
					"compatibleApp":	"",
					"domType":	"mssDomain",
					"arch":	"32-bit",
					"appSettings":	{
						"appCompilerFlags":	"",
						"appLinkerFlags":	""
					},
					"addedLibs":	[],
					"libOptions":	{
						"libsContainingOptions":	[]
					},
					"prebuiltLibs":	{
						"prebuiltIncPath":	[],
						"prebuiltLibPath":	[]
					},
					"isolation":	{
					}
				}]
		}]
}
KEYINFO::2022-02-04.11:23:09::SCWPlatform::updated the xpfm file.
TRACE::2022-02-04.11:23:10::SCWPlatform::Trying to open the hw design at C:/Users/ifstu/Vitis/Projects/reflowOS/project_files/vitis/reflow_firmware/memory/fw_memory_platform/hw/arty_basic.xsa
TRACE::2022-02-04.11:23:10::SCWPlatform::DSA given C:/Users/ifstu/Vitis/Projects/reflowOS/project_files/vitis/reflow_firmware/memory/fw_memory_platform/hw/arty_basic.xsa
TRACE::2022-02-04.11:23:10::SCWPlatform::DSA absoulate path C:/Users/ifstu/Vitis/Projects/reflowOS/project_files/vitis/reflow_firmware/memory/fw_memory_platform/hw/arty_basic.xsa
TRACE::2022-02-04.11:23:10::SCWPlatform::DSA directory C:/Users/ifstu/Vitis/Projects/reflowOS/project_files/vitis/reflow_firmware/memory/fw_memory_platform/hw
TRACE::2022-02-04.11:23:10::SCWPlatform:: Platform Path C:/Users/ifstu/Vitis/Projects/reflowOS/project_files/vitis/reflow_firmware/memory/fw_memory_platform/hw/arty_basic.xsa
TRACE::2022-02-04.11:23:10::SCWPlatform:: Unique name xilinx:arty-a7-35::0.0
TRACE::2022-02-04.11:23:10::SCWPlatform::Trying to set the existing hwdb with name basic_design_wrapper_0
TRACE::2022-02-04.11:23:10::SCWPlatform::Opened existing hwdb basic_design_wrapper_0
TRACE::2022-02-04.11:23:10::SCWPlatform::Found the Hw Db part of the input DSA
TRACE::2022-02-04.11:23:10::SCWMssOS::Checking the sw design at  C:/Users/ifstu/Vitis/Projects/reflowOS/project_files/vitis/reflow_firmware/memory/fw_memory_platform/microblaze_0/standalone_domain/bsp/system.mss
TRACE::2022-02-04.11:23:10::SCWMssOS::DEBUG:  swdes dump  C:/Users/ifstu/Vitis/Projects/reflowOS/project_files/vitis/reflow_firmware/memory/fw_memory_platform/microblaze_0/standalone_domain/bsp/system.mss|system||

TRACE::2022-02-04.11:23:10::SCWMssOS::Sw design exists and opened at  C:/Users/ifstu/Vitis/Projects/reflowOS/project_files/vitis/reflow_firmware/memory/fw_memory_platform/microblaze_0/standalone_domain/bsp/system.mss
TRACE::2022-02-04.11:23:10::SCWMssOS::Saving the mss changes C:/Users/ifstu/Vitis/Projects/reflowOS/project_files/vitis/reflow_firmware/memory/fw_memory_platform/microblaze_0/standalone_domain/bsp/system.mss
TRACE::2022-02-04.11:23:10::SCWMssOS::Found a swdesign opened with the mssfile.
TRACE::2022-02-04.11:23:10::SCWMssOS::Completed writemss as part of save.
TRACE::2022-02-04.11:23:10::SCWMssOS::Commit changes completed.
TRACE::2022-02-04.11:23:10::SCWPlatform::Trying to open the hw design at C:/Users/ifstu/Vitis/Projects/reflowOS/project_files/vitis/reflow_firmware/memory/fw_memory_platform/hw/arty_basic.xsa
TRACE::2022-02-04.11:23:10::SCWPlatform::DSA given C:/Users/ifstu/Vitis/Projects/reflowOS/project_files/vitis/reflow_firmware/memory/fw_memory_platform/hw/arty_basic.xsa
TRACE::2022-02-04.11:23:10::SCWPlatform::DSA absoulate path C:/Users/ifstu/Vitis/Projects/reflowOS/project_files/vitis/reflow_firmware/memory/fw_memory_platform/hw/arty_basic.xsa
TRACE::2022-02-04.11:23:10::SCWPlatform::DSA directory C:/Users/ifstu/Vitis/Projects/reflowOS/project_files/vitis/reflow_firmware/memory/fw_memory_platform/hw
TRACE::2022-02-04.11:23:10::SCWPlatform:: Platform Path C:/Users/ifstu/Vitis/Projects/reflowOS/project_files/vitis/reflow_firmware/memory/fw_memory_platform/hw/arty_basic.xsa
TRACE::2022-02-04.11:23:10::SCWPlatform:: Unique name xilinx:arty-a7-35::0.0
TRACE::2022-02-04.11:23:10::SCWPlatform::Trying to set the existing hwdb with name basic_design_wrapper_0
TRACE::2022-02-04.11:23:10::SCWPlatform::Opened existing hwdb basic_design_wrapper_0
TRACE::2022-02-04.11:23:10::SCWPlatform::Found the Hw Db part of the input DSA
TRACE::2022-02-04.11:23:10::SCWMssOS::Checking the sw design at  C:/Users/ifstu/Vitis/Projects/reflowOS/project_files/vitis/reflow_firmware/memory/fw_memory_platform/microblaze_0/standalone_domain/bsp/system.mss
TRACE::2022-02-04.11:23:10::SCWMssOS::DEBUG:  swdes dump  C:/Users/ifstu/Vitis/Projects/reflowOS/project_files/vitis/reflow_firmware/memory/fw_memory_platform/microblaze_0/standalone_domain/bsp/system.mss|system||

TRACE::2022-02-04.11:23:10::SCWMssOS::Sw design exists and opened at  C:/Users/ifstu/Vitis/Projects/reflowOS/project_files/vitis/reflow_firmware/memory/fw_memory_platform/microblaze_0/standalone_domain/bsp/system.mss
TRACE::2022-02-04.11:23:10::SCWPlatform::Trying to open the hw design at C:/Users/ifstu/Vitis/Projects/reflowOS/project_files/vitis/reflow_firmware/memory/fw_memory_platform/hw/arty_basic.xsa
TRACE::2022-02-04.11:23:10::SCWPlatform::DSA given C:/Users/ifstu/Vitis/Projects/reflowOS/project_files/vitis/reflow_firmware/memory/fw_memory_platform/hw/arty_basic.xsa
TRACE::2022-02-04.11:23:10::SCWPlatform::DSA absoulate path C:/Users/ifstu/Vitis/Projects/reflowOS/project_files/vitis/reflow_firmware/memory/fw_memory_platform/hw/arty_basic.xsa
TRACE::2022-02-04.11:23:10::SCWPlatform::DSA directory C:/Users/ifstu/Vitis/Projects/reflowOS/project_files/vitis/reflow_firmware/memory/fw_memory_platform/hw
TRACE::2022-02-04.11:23:10::SCWPlatform:: Platform Path C:/Users/ifstu/Vitis/Projects/reflowOS/project_files/vitis/reflow_firmware/memory/fw_memory_platform/hw/arty_basic.xsa
TRACE::2022-02-04.11:23:10::SCWPlatform:: Unique name xilinx:arty-a7-35::0.0
TRACE::2022-02-04.11:23:10::SCWPlatform::Trying to set the existing hwdb with name basic_design_wrapper_0
TRACE::2022-02-04.11:23:10::SCWPlatform::Opened existing hwdb basic_design_wrapper_0
TRACE::2022-02-04.11:23:10::SCWPlatform::Found the Hw Db part of the input DSA
TRACE::2022-02-04.11:23:10::SCWMssOS::Checking the sw design at  C:/Users/ifstu/Vitis/Projects/reflowOS/project_files/vitis/reflow_firmware/memory/fw_memory_platform/microblaze_0/standalone_domain/bsp/system.mss
TRACE::2022-02-04.11:23:10::SCWMssOS::DEBUG:  swdes dump  C:/Users/ifstu/Vitis/Projects/reflowOS/project_files/vitis/reflow_firmware/memory/fw_memory_platform/microblaze_0/standalone_domain/bsp/system.mss|system||

TRACE::2022-02-04.11:23:10::SCWMssOS::Sw design exists and opened at  C:/Users/ifstu/Vitis/Projects/reflowOS/project_files/vitis/reflow_firmware/memory/fw_memory_platform/microblaze_0/standalone_domain/bsp/system.mss
TRACE::2022-02-04.11:23:10::SCWPlatform::Trying to open the hw design at C:/Users/ifstu/Vitis/Projects/reflowOS/project_files/vitis/reflow_firmware/memory/fw_memory_platform/hw/arty_basic.xsa
TRACE::2022-02-04.11:23:10::SCWPlatform::DSA given C:/Users/ifstu/Vitis/Projects/reflowOS/project_files/vitis/reflow_firmware/memory/fw_memory_platform/hw/arty_basic.xsa
TRACE::2022-02-04.11:23:10::SCWPlatform::DSA absoulate path C:/Users/ifstu/Vitis/Projects/reflowOS/project_files/vitis/reflow_firmware/memory/fw_memory_platform/hw/arty_basic.xsa
TRACE::2022-02-04.11:23:10::SCWPlatform::DSA directory C:/Users/ifstu/Vitis/Projects/reflowOS/project_files/vitis/reflow_firmware/memory/fw_memory_platform/hw
TRACE::2022-02-04.11:23:10::SCWPlatform:: Platform Path C:/Users/ifstu/Vitis/Projects/reflowOS/project_files/vitis/reflow_firmware/memory/fw_memory_platform/hw/arty_basic.xsa
TRACE::2022-02-04.11:23:10::SCWPlatform:: Unique name xilinx:arty-a7-35::0.0
TRACE::2022-02-04.11:23:10::SCWPlatform::Trying to set the existing hwdb with name basic_design_wrapper_0
TRACE::2022-02-04.11:23:10::SCWPlatform::Opened existing hwdb basic_design_wrapper_0
TRACE::2022-02-04.11:23:10::SCWPlatform::Found the Hw Db part of the input DSA
TRACE::2022-02-04.11:23:10::SCWMssOS::Checking the sw design at  C:/Users/ifstu/Vitis/Projects/reflowOS/project_files/vitis/reflow_firmware/memory/fw_memory_platform/microblaze_0/standalone_domain/bsp/system.mss
TRACE::2022-02-04.11:23:10::SCWMssOS::DEBUG:  swdes dump  C:/Users/ifstu/Vitis/Projects/reflowOS/project_files/vitis/reflow_firmware/memory/fw_memory_platform/microblaze_0/standalone_domain/bsp/system.mss|system||

TRACE::2022-02-04.11:23:10::SCWMssOS::Sw design exists and opened at  C:/Users/ifstu/Vitis/Projects/reflowOS/project_files/vitis/reflow_firmware/memory/fw_memory_platform/microblaze_0/standalone_domain/bsp/system.mss
TRACE::2022-02-04.11:23:10::SCWWriter::formatted JSON is {
	"platformName":	"fw_memory_platform",
	"sprVersion":	"2.0",
	"mode":	"gui",
	"dsaType":	"Fixed",
	"platformDesc":	"fw_memory_platform",
	"platHandOff":	"C:/Users/ifstu/Vitis/Projects/reflow/hardware_export/digilent/artya7/arty_basic.xsa",
	"platIntHandOff":	"<platformDir>/hw/arty_basic.xsa",
	"deviceType":	"FPGA",
	"platIsPrebuiltAutogen":	"false",
	"platIsNoBootBsp":	"false",
	"hasFsblMakeHasChanges":	"false",
	"hasPmufwMakeHasChanges":	"false",
	"platPreBuiltFlag":	false,
	"platformSamplesDir":	"",
	"platActiveSys":	"fw_memory_platform",
	"systems":	[{
			"systemName":	"fw_memory_platform",
			"systemDesc":	"fw_memory_platform",
			"sysIsBootAutoGen":	"true",
			"systemDispName":	"fw_memory_platform",
			"sysActiveDom":	"standalone_domain",
			"sysDefaultDom":	"standalone_domain",
			"domains":	[{
					"domainName":	"standalone_domain",
					"domainDispName":	"standalone_domain",
					"domainDesc":	"standalone_domain",
					"processors":	"microblaze_0",
					"os":	"standalone",
					"sdxOs":	"standalone",
					"debugEnable":	"False",
					"domRuntimes":	["cpp"],
					"swRepo":	"",
					"mssOsVer":	"7.3",
					"mssFile":	"",
					"md5Digest":	"0540edc0380e511909353a22354a5913",
					"compatibleApp":	"",
					"domType":	"mssDomain",
					"arch":	"32-bit",
					"appSettings":	{
						"appCompilerFlags":	"",
						"appLinkerFlags":	""
					},
					"addedLibs":	[],
					"libOptions":	{
						"libsContainingOptions":	[]
					},
					"prebuiltLibs":	{
						"prebuiltIncPath":	[],
						"prebuiltLibPath":	[]
					},
					"isolation":	{
					}
				}]
		}]
}
TRACE::2022-02-04.11:23:10::SCWPlatform::Trying to open the hw design at C:/Users/ifstu/Vitis/Projects/reflowOS/project_files/vitis/reflow_firmware/memory/fw_memory_platform/hw/arty_basic.xsa
TRACE::2022-02-04.11:23:10::SCWPlatform::DSA given C:/Users/ifstu/Vitis/Projects/reflowOS/project_files/vitis/reflow_firmware/memory/fw_memory_platform/hw/arty_basic.xsa
TRACE::2022-02-04.11:23:10::SCWPlatform::DSA absoulate path C:/Users/ifstu/Vitis/Projects/reflowOS/project_files/vitis/reflow_firmware/memory/fw_memory_platform/hw/arty_basic.xsa
TRACE::2022-02-04.11:23:10::SCWPlatform::DSA directory C:/Users/ifstu/Vitis/Projects/reflowOS/project_files/vitis/reflow_firmware/memory/fw_memory_platform/hw
TRACE::2022-02-04.11:23:10::SCWPlatform:: Platform Path C:/Users/ifstu/Vitis/Projects/reflowOS/project_files/vitis/reflow_firmware/memory/fw_memory_platform/hw/arty_basic.xsa
TRACE::2022-02-04.11:23:10::SCWPlatform:: Unique name xilinx:arty-a7-35::0.0
TRACE::2022-02-04.11:23:10::SCWPlatform::Trying to set the existing hwdb with name basic_design_wrapper_0
TRACE::2022-02-04.11:23:10::SCWPlatform::Opened existing hwdb basic_design_wrapper_0
TRACE::2022-02-04.11:23:10::SCWPlatform::Found the Hw Db part of the input DSA
TRACE::2022-02-04.11:23:10::SCWMssOS::Checking the sw design at  C:/Users/ifstu/Vitis/Projects/reflowOS/project_files/vitis/reflow_firmware/memory/fw_memory_platform/microblaze_0/standalone_domain/bsp/system.mss
TRACE::2022-02-04.11:23:10::SCWMssOS::DEBUG:  swdes dump  C:/Users/ifstu/Vitis/Projects/reflowOS/project_files/vitis/reflow_firmware/memory/fw_memory_platform/microblaze_0/standalone_domain/bsp/system.mss|system||

TRACE::2022-02-04.11:23:10::SCWMssOS::Sw design exists and opened at  C:/Users/ifstu/Vitis/Projects/reflowOS/project_files/vitis/reflow_firmware/memory/fw_memory_platform/microblaze_0/standalone_domain/bsp/system.mss
TRACE::2022-02-04.11:23:10::SCWPlatform::Trying to open the hw design at C:/Users/ifstu/Vitis/Projects/reflowOS/project_files/vitis/reflow_firmware/memory/fw_memory_platform/hw/arty_basic.xsa
TRACE::2022-02-04.11:23:10::SCWPlatform::DSA given C:/Users/ifstu/Vitis/Projects/reflowOS/project_files/vitis/reflow_firmware/memory/fw_memory_platform/hw/arty_basic.xsa
TRACE::2022-02-04.11:23:10::SCWPlatform::DSA absoulate path C:/Users/ifstu/Vitis/Projects/reflowOS/project_files/vitis/reflow_firmware/memory/fw_memory_platform/hw/arty_basic.xsa
TRACE::2022-02-04.11:23:10::SCWPlatform::DSA directory C:/Users/ifstu/Vitis/Projects/reflowOS/project_files/vitis/reflow_firmware/memory/fw_memory_platform/hw
TRACE::2022-02-04.11:23:10::SCWPlatform:: Platform Path C:/Users/ifstu/Vitis/Projects/reflowOS/project_files/vitis/reflow_firmware/memory/fw_memory_platform/hw/arty_basic.xsa
TRACE::2022-02-04.11:23:10::SCWPlatform:: Unique name xilinx:arty-a7-35::0.0
TRACE::2022-02-04.11:23:10::SCWPlatform::Trying to set the existing hwdb with name basic_design_wrapper_0
TRACE::2022-02-04.11:23:10::SCWPlatform::Opened existing hwdb basic_design_wrapper_0
TRACE::2022-02-04.11:23:10::SCWPlatform::Found the Hw Db part of the input DSA
TRACE::2022-02-04.11:23:10::SCWMssOS::Checking the sw design at  C:/Users/ifstu/Vitis/Projects/reflowOS/project_files/vitis/reflow_firmware/memory/fw_memory_platform/microblaze_0/standalone_domain/bsp/system.mss
TRACE::2022-02-04.11:23:10::SCWMssOS::DEBUG:  swdes dump  C:/Users/ifstu/Vitis/Projects/reflowOS/project_files/vitis/reflow_firmware/memory/fw_memory_platform/microblaze_0/standalone_domain/bsp/system.mss|system||

TRACE::2022-02-04.11:23:10::SCWMssOS::Sw design exists and opened at  C:/Users/ifstu/Vitis/Projects/reflowOS/project_files/vitis/reflow_firmware/memory/fw_memory_platform/microblaze_0/standalone_domain/bsp/system.mss
TRACE::2022-02-04.11:23:10::SCWPlatform::Trying to open the hw design at C:/Users/ifstu/Vitis/Projects/reflowOS/project_files/vitis/reflow_firmware/memory/fw_memory_platform/hw/arty_basic.xsa
TRACE::2022-02-04.11:23:10::SCWPlatform::DSA given C:/Users/ifstu/Vitis/Projects/reflowOS/project_files/vitis/reflow_firmware/memory/fw_memory_platform/hw/arty_basic.xsa
TRACE::2022-02-04.11:23:10::SCWPlatform::DSA absoulate path C:/Users/ifstu/Vitis/Projects/reflowOS/project_files/vitis/reflow_firmware/memory/fw_memory_platform/hw/arty_basic.xsa
TRACE::2022-02-04.11:23:10::SCWPlatform::DSA directory C:/Users/ifstu/Vitis/Projects/reflowOS/project_files/vitis/reflow_firmware/memory/fw_memory_platform/hw
TRACE::2022-02-04.11:23:10::SCWPlatform:: Platform Path C:/Users/ifstu/Vitis/Projects/reflowOS/project_files/vitis/reflow_firmware/memory/fw_memory_platform/hw/arty_basic.xsa
TRACE::2022-02-04.11:23:10::SCWPlatform:: Unique name xilinx:arty-a7-35::0.0
TRACE::2022-02-04.11:23:10::SCWPlatform::Trying to set the existing hwdb with name basic_design_wrapper_0
TRACE::2022-02-04.11:23:10::SCWPlatform::Opened existing hwdb basic_design_wrapper_0
TRACE::2022-02-04.11:23:10::SCWPlatform::Found the Hw Db part of the input DSA
TRACE::2022-02-04.11:23:10::SCWMssOS::Checking the sw design at  C:/Users/ifstu/Vitis/Projects/reflowOS/project_files/vitis/reflow_firmware/memory/fw_memory_platform/microblaze_0/standalone_domain/bsp/system.mss
TRACE::2022-02-04.11:23:10::SCWMssOS::DEBUG:  swdes dump  C:/Users/ifstu/Vitis/Projects/reflowOS/project_files/vitis/reflow_firmware/memory/fw_memory_platform/microblaze_0/standalone_domain/bsp/system.mss|system||

TRACE::2022-02-04.11:23:10::SCWMssOS::Sw design exists and opened at  C:/Users/ifstu/Vitis/Projects/reflowOS/project_files/vitis/reflow_firmware/memory/fw_memory_platform/microblaze_0/standalone_domain/bsp/system.mss
TRACE::2022-02-04.11:23:10::SCWMssOS::Saving the mss changes C:/Users/ifstu/Vitis/Projects/reflowOS/project_files/vitis/reflow_firmware/memory/fw_memory_platform/microblaze_0/standalone_domain/bsp/system.mss
TRACE::2022-02-04.11:23:10::SCWMssOS::Found a swdesign opened with the mssfile.
TRACE::2022-02-04.11:23:10::SCWMssOS::Completed writemss as part of save.
TRACE::2022-02-04.11:23:10::SCWMssOS::Commit changes completed.
TRACE::2022-02-04.11:23:10::SCWPlatform::Trying to open the hw design at C:/Users/ifstu/Vitis/Projects/reflowOS/project_files/vitis/reflow_firmware/memory/fw_memory_platform/hw/arty_basic.xsa
TRACE::2022-02-04.11:23:10::SCWPlatform::DSA given C:/Users/ifstu/Vitis/Projects/reflowOS/project_files/vitis/reflow_firmware/memory/fw_memory_platform/hw/arty_basic.xsa
TRACE::2022-02-04.11:23:10::SCWPlatform::DSA absoulate path C:/Users/ifstu/Vitis/Projects/reflowOS/project_files/vitis/reflow_firmware/memory/fw_memory_platform/hw/arty_basic.xsa
TRACE::2022-02-04.11:23:10::SCWPlatform::DSA directory C:/Users/ifstu/Vitis/Projects/reflowOS/project_files/vitis/reflow_firmware/memory/fw_memory_platform/hw
TRACE::2022-02-04.11:23:10::SCWPlatform:: Platform Path C:/Users/ifstu/Vitis/Projects/reflowOS/project_files/vitis/reflow_firmware/memory/fw_memory_platform/hw/arty_basic.xsa
TRACE::2022-02-04.11:23:10::SCWPlatform:: Unique name xilinx:arty-a7-35::0.0
TRACE::2022-02-04.11:23:10::SCWPlatform::Trying to set the existing hwdb with name basic_design_wrapper_0
TRACE::2022-02-04.11:23:10::SCWPlatform::Opened existing hwdb basic_design_wrapper_0
TRACE::2022-02-04.11:23:10::SCWPlatform::Found the Hw Db part of the input DSA
TRACE::2022-02-04.11:23:10::SCWMssOS::Checking the sw design at  C:/Users/ifstu/Vitis/Projects/reflowOS/project_files/vitis/reflow_firmware/memory/fw_memory_platform/microblaze_0/standalone_domain/bsp/system.mss
TRACE::2022-02-04.11:23:10::SCWMssOS::DEBUG:  swdes dump  C:/Users/ifstu/Vitis/Projects/reflowOS/project_files/vitis/reflow_firmware/memory/fw_memory_platform/microblaze_0/standalone_domain/bsp/system.mss|system||

TRACE::2022-02-04.11:23:10::SCWMssOS::Sw design exists and opened at  C:/Users/ifstu/Vitis/Projects/reflowOS/project_files/vitis/reflow_firmware/memory/fw_memory_platform/microblaze_0/standalone_domain/bsp/system.mss
TRACE::2022-02-04.11:23:10::SCWPlatform::Trying to open the hw design at C:/Users/ifstu/Vitis/Projects/reflowOS/project_files/vitis/reflow_firmware/memory/fw_memory_platform/hw/arty_basic.xsa
TRACE::2022-02-04.11:23:10::SCWPlatform::DSA given C:/Users/ifstu/Vitis/Projects/reflowOS/project_files/vitis/reflow_firmware/memory/fw_memory_platform/hw/arty_basic.xsa
TRACE::2022-02-04.11:23:10::SCWPlatform::DSA absoulate path C:/Users/ifstu/Vitis/Projects/reflowOS/project_files/vitis/reflow_firmware/memory/fw_memory_platform/hw/arty_basic.xsa
TRACE::2022-02-04.11:23:10::SCWPlatform::DSA directory C:/Users/ifstu/Vitis/Projects/reflowOS/project_files/vitis/reflow_firmware/memory/fw_memory_platform/hw
TRACE::2022-02-04.11:23:10::SCWPlatform:: Platform Path C:/Users/ifstu/Vitis/Projects/reflowOS/project_files/vitis/reflow_firmware/memory/fw_memory_platform/hw/arty_basic.xsa
TRACE::2022-02-04.11:23:10::SCWPlatform:: Unique name xilinx:arty-a7-35::0.0
TRACE::2022-02-04.11:23:10::SCWPlatform::Trying to set the existing hwdb with name basic_design_wrapper_0
TRACE::2022-02-04.11:23:10::SCWPlatform::Opened existing hwdb basic_design_wrapper_0
TRACE::2022-02-04.11:23:10::SCWPlatform::Found the Hw Db part of the input DSA
TRACE::2022-02-04.11:23:10::SCWMssOS::Checking the sw design at  C:/Users/ifstu/Vitis/Projects/reflowOS/project_files/vitis/reflow_firmware/memory/fw_memory_platform/microblaze_0/standalone_domain/bsp/system.mss
TRACE::2022-02-04.11:23:10::SCWMssOS::DEBUG:  swdes dump  C:/Users/ifstu/Vitis/Projects/reflowOS/project_files/vitis/reflow_firmware/memory/fw_memory_platform/microblaze_0/standalone_domain/bsp/system.mss|system||

TRACE::2022-02-04.11:23:10::SCWMssOS::Sw design exists and opened at  C:/Users/ifstu/Vitis/Projects/reflowOS/project_files/vitis/reflow_firmware/memory/fw_memory_platform/microblaze_0/standalone_domain/bsp/system.mss
TRACE::2022-02-04.11:23:10::SCWPlatform::Trying to open the hw design at C:/Users/ifstu/Vitis/Projects/reflowOS/project_files/vitis/reflow_firmware/memory/fw_memory_platform/hw/arty_basic.xsa
TRACE::2022-02-04.11:23:10::SCWPlatform::DSA given C:/Users/ifstu/Vitis/Projects/reflowOS/project_files/vitis/reflow_firmware/memory/fw_memory_platform/hw/arty_basic.xsa
TRACE::2022-02-04.11:23:10::SCWPlatform::DSA absoulate path C:/Users/ifstu/Vitis/Projects/reflowOS/project_files/vitis/reflow_firmware/memory/fw_memory_platform/hw/arty_basic.xsa
TRACE::2022-02-04.11:23:10::SCWPlatform::DSA directory C:/Users/ifstu/Vitis/Projects/reflowOS/project_files/vitis/reflow_firmware/memory/fw_memory_platform/hw
TRACE::2022-02-04.11:23:10::SCWPlatform:: Platform Path C:/Users/ifstu/Vitis/Projects/reflowOS/project_files/vitis/reflow_firmware/memory/fw_memory_platform/hw/arty_basic.xsa
TRACE::2022-02-04.11:23:10::SCWPlatform:: Unique name xilinx:arty-a7-35::0.0
TRACE::2022-02-04.11:23:10::SCWPlatform::Trying to set the existing hwdb with name basic_design_wrapper_0
TRACE::2022-02-04.11:23:10::SCWPlatform::Opened existing hwdb basic_design_wrapper_0
TRACE::2022-02-04.11:23:10::SCWPlatform::Found the Hw Db part of the input DSA
TRACE::2022-02-04.11:23:10::SCWMssOS::Checking the sw design at  C:/Users/ifstu/Vitis/Projects/reflowOS/project_files/vitis/reflow_firmware/memory/fw_memory_platform/microblaze_0/standalone_domain/bsp/system.mss
TRACE::2022-02-04.11:23:10::SCWMssOS::DEBUG:  swdes dump  C:/Users/ifstu/Vitis/Projects/reflowOS/project_files/vitis/reflow_firmware/memory/fw_memory_platform/microblaze_0/standalone_domain/bsp/system.mss|system||

TRACE::2022-02-04.11:23:10::SCWMssOS::Sw design exists and opened at  C:/Users/ifstu/Vitis/Projects/reflowOS/project_files/vitis/reflow_firmware/memory/fw_memory_platform/microblaze_0/standalone_domain/bsp/system.mss
TRACE::2022-02-04.11:23:10::SCWWriter::formatted JSON is {
	"platformName":	"fw_memory_platform",
	"sprVersion":	"2.0",
	"mode":	"gui",
	"dsaType":	"Fixed",
	"platformDesc":	"fw_memory_platform",
	"platHandOff":	"C:/Users/ifstu/Vitis/Projects/reflow/hardware_export/digilent/artya7/arty_basic.xsa",
	"platIntHandOff":	"<platformDir>/hw/arty_basic.xsa",
	"deviceType":	"FPGA",
	"platIsPrebuiltAutogen":	"false",
	"platIsNoBootBsp":	"false",
	"hasFsblMakeHasChanges":	"false",
	"hasPmufwMakeHasChanges":	"false",
	"platPreBuiltFlag":	false,
	"platformSamplesDir":	"",
	"platActiveSys":	"fw_memory_platform",
	"systems":	[{
			"systemName":	"fw_memory_platform",
			"systemDesc":	"fw_memory_platform",
			"sysIsBootAutoGen":	"true",
			"systemDispName":	"fw_memory_platform",
			"sysActiveDom":	"standalone_domain",
			"sysDefaultDom":	"standalone_domain",
			"domains":	[{
					"domainName":	"standalone_domain",
					"domainDispName":	"standalone on microblaze_0",
					"domainDesc":	"standalone_domain",
					"processors":	"microblaze_0",
					"os":	"standalone",
					"sdxOs":	"standalone",
					"debugEnable":	"False",
					"domRuntimes":	["cpp"],
					"swRepo":	"",
					"mssOsVer":	"7.3",
					"mssFile":	"",
					"md5Digest":	"0540edc0380e511909353a22354a5913",
					"compatibleApp":	"",
					"domType":	"mssDomain",
					"arch":	"32-bit",
					"appSettings":	{
						"appCompilerFlags":	"",
						"appLinkerFlags":	""
					},
					"addedLibs":	[],
					"libOptions":	{
						"libsContainingOptions":	[]
					},
					"prebuiltLibs":	{
						"prebuiltIncPath":	[],
						"prebuiltLibPath":	[]
					},
					"isolation":	{
					}
				}]
		}]
}
TRACE::2022-02-04.11:23:10::SCWMssOS::Saving the mss changes C:/Users/ifstu/Vitis/Projects/reflowOS/project_files/vitis/reflow_firmware/memory/fw_memory_platform/microblaze_0/standalone_domain/bsp/system.mss
TRACE::2022-02-04.11:23:10::SCWMssOS::Found a swdesign opened with the mssfile.
TRACE::2022-02-04.11:23:10::SCWMssOS::Completed writemss as part of save.
TRACE::2022-02-04.11:23:10::SCWMssOS::Commit changes completed.
TRACE::2022-02-04.11:23:10::SCWPlatform::Trying to open the hw design at C:/Users/ifstu/Vitis/Projects/reflowOS/project_files/vitis/reflow_firmware/memory/fw_memory_platform/hw/arty_basic.xsa
TRACE::2022-02-04.11:23:10::SCWPlatform::DSA given C:/Users/ifstu/Vitis/Projects/reflowOS/project_files/vitis/reflow_firmware/memory/fw_memory_platform/hw/arty_basic.xsa
TRACE::2022-02-04.11:23:10::SCWPlatform::DSA absoulate path C:/Users/ifstu/Vitis/Projects/reflowOS/project_files/vitis/reflow_firmware/memory/fw_memory_platform/hw/arty_basic.xsa
TRACE::2022-02-04.11:23:10::SCWPlatform::DSA directory C:/Users/ifstu/Vitis/Projects/reflowOS/project_files/vitis/reflow_firmware/memory/fw_memory_platform/hw
TRACE::2022-02-04.11:23:10::SCWPlatform:: Platform Path C:/Users/ifstu/Vitis/Projects/reflowOS/project_files/vitis/reflow_firmware/memory/fw_memory_platform/hw/arty_basic.xsa
TRACE::2022-02-04.11:23:10::SCWPlatform:: Unique name xilinx:arty-a7-35::0.0
TRACE::2022-02-04.11:23:10::SCWPlatform::Trying to set the existing hwdb with name basic_design_wrapper_0
TRACE::2022-02-04.11:23:10::SCWPlatform::Opened existing hwdb basic_design_wrapper_0
TRACE::2022-02-04.11:23:10::SCWPlatform::Found the Hw Db part of the input DSA
TRACE::2022-02-04.11:23:10::SCWMssOS::Checking the sw design at  C:/Users/ifstu/Vitis/Projects/reflowOS/project_files/vitis/reflow_firmware/memory/fw_memory_platform/microblaze_0/standalone_domain/bsp/system.mss
TRACE::2022-02-04.11:23:10::SCWMssOS::DEBUG:  swdes dump  C:/Users/ifstu/Vitis/Projects/reflowOS/project_files/vitis/reflow_firmware/memory/fw_memory_platform/microblaze_0/standalone_domain/bsp/system.mss|system||

TRACE::2022-02-04.11:23:10::SCWMssOS::Sw design exists and opened at  C:/Users/ifstu/Vitis/Projects/reflowOS/project_files/vitis/reflow_firmware/memory/fw_memory_platform/microblaze_0/standalone_domain/bsp/system.mss
TRACE::2022-02-04.11:23:10::SCWPlatform::Trying to open the hw design at C:/Users/ifstu/Vitis/Projects/reflowOS/project_files/vitis/reflow_firmware/memory/fw_memory_platform/hw/arty_basic.xsa
TRACE::2022-02-04.11:23:10::SCWPlatform::DSA given C:/Users/ifstu/Vitis/Projects/reflowOS/project_files/vitis/reflow_firmware/memory/fw_memory_platform/hw/arty_basic.xsa
TRACE::2022-02-04.11:23:10::SCWPlatform::DSA absoulate path C:/Users/ifstu/Vitis/Projects/reflowOS/project_files/vitis/reflow_firmware/memory/fw_memory_platform/hw/arty_basic.xsa
TRACE::2022-02-04.11:23:10::SCWPlatform::DSA directory C:/Users/ifstu/Vitis/Projects/reflowOS/project_files/vitis/reflow_firmware/memory/fw_memory_platform/hw
TRACE::2022-02-04.11:23:10::SCWPlatform:: Platform Path C:/Users/ifstu/Vitis/Projects/reflowOS/project_files/vitis/reflow_firmware/memory/fw_memory_platform/hw/arty_basic.xsa
TRACE::2022-02-04.11:23:10::SCWPlatform:: Unique name xilinx:arty-a7-35::0.0
TRACE::2022-02-04.11:23:10::SCWPlatform::Trying to set the existing hwdb with name basic_design_wrapper_0
TRACE::2022-02-04.11:23:10::SCWPlatform::Opened existing hwdb basic_design_wrapper_0
TRACE::2022-02-04.11:23:10::SCWPlatform::Found the Hw Db part of the input DSA
TRACE::2022-02-04.11:23:10::SCWMssOS::Checking the sw design at  C:/Users/ifstu/Vitis/Projects/reflowOS/project_files/vitis/reflow_firmware/memory/fw_memory_platform/microblaze_0/standalone_domain/bsp/system.mss
TRACE::2022-02-04.11:23:10::SCWMssOS::DEBUG:  swdes dump  C:/Users/ifstu/Vitis/Projects/reflowOS/project_files/vitis/reflow_firmware/memory/fw_memory_platform/microblaze_0/standalone_domain/bsp/system.mss|system||

TRACE::2022-02-04.11:23:10::SCWMssOS::Sw design exists and opened at  C:/Users/ifstu/Vitis/Projects/reflowOS/project_files/vitis/reflow_firmware/memory/fw_memory_platform/microblaze_0/standalone_domain/bsp/system.mss
TRACE::2022-02-04.11:23:10::SCWPlatform::Trying to open the hw design at C:/Users/ifstu/Vitis/Projects/reflowOS/project_files/vitis/reflow_firmware/memory/fw_memory_platform/hw/arty_basic.xsa
TRACE::2022-02-04.11:23:10::SCWPlatform::DSA given C:/Users/ifstu/Vitis/Projects/reflowOS/project_files/vitis/reflow_firmware/memory/fw_memory_platform/hw/arty_basic.xsa
TRACE::2022-02-04.11:23:10::SCWPlatform::DSA absoulate path C:/Users/ifstu/Vitis/Projects/reflowOS/project_files/vitis/reflow_firmware/memory/fw_memory_platform/hw/arty_basic.xsa
TRACE::2022-02-04.11:23:10::SCWPlatform::DSA directory C:/Users/ifstu/Vitis/Projects/reflowOS/project_files/vitis/reflow_firmware/memory/fw_memory_platform/hw
TRACE::2022-02-04.11:23:10::SCWPlatform:: Platform Path C:/Users/ifstu/Vitis/Projects/reflowOS/project_files/vitis/reflow_firmware/memory/fw_memory_platform/hw/arty_basic.xsa
TRACE::2022-02-04.11:23:10::SCWPlatform:: Unique name xilinx:arty-a7-35::0.0
TRACE::2022-02-04.11:23:10::SCWPlatform::Trying to set the existing hwdb with name basic_design_wrapper_0
TRACE::2022-02-04.11:23:10::SCWPlatform::Opened existing hwdb basic_design_wrapper_0
TRACE::2022-02-04.11:23:10::SCWPlatform::Found the Hw Db part of the input DSA
TRACE::2022-02-04.11:23:10::SCWMssOS::Checking the sw design at  C:/Users/ifstu/Vitis/Projects/reflowOS/project_files/vitis/reflow_firmware/memory/fw_memory_platform/microblaze_0/standalone_domain/bsp/system.mss
TRACE::2022-02-04.11:23:10::SCWMssOS::DEBUG:  swdes dump  C:/Users/ifstu/Vitis/Projects/reflowOS/project_files/vitis/reflow_firmware/memory/fw_memory_platform/microblaze_0/standalone_domain/bsp/system.mss|system||

TRACE::2022-02-04.11:23:10::SCWMssOS::Sw design exists and opened at  C:/Users/ifstu/Vitis/Projects/reflowOS/project_files/vitis/reflow_firmware/memory/fw_memory_platform/microblaze_0/standalone_domain/bsp/system.mss
TRACE::2022-02-04.11:23:10::SCWWriter::formatted JSON is {
	"platformName":	"fw_memory_platform",
	"sprVersion":	"2.0",
	"mode":	"gui",
	"dsaType":	"Fixed",
	"platformDesc":	"fw_memory_platform",
	"platHandOff":	"C:/Users/ifstu/Vitis/Projects/reflow/hardware_export/digilent/artya7/arty_basic.xsa",
	"platIntHandOff":	"<platformDir>/hw/arty_basic.xsa",
	"deviceType":	"FPGA",
	"platIsPrebuiltAutogen":	"false",
	"platIsNoBootBsp":	"false",
	"hasFsblMakeHasChanges":	"false",
	"hasPmufwMakeHasChanges":	"false",
	"platPreBuiltFlag":	false,
	"platformSamplesDir":	"",
	"platActiveSys":	"fw_memory_platform",
	"systems":	[{
			"systemName":	"fw_memory_platform",
			"systemDesc":	"fw_memory_platform",
			"sysIsBootAutoGen":	"true",
			"systemDispName":	"fw_memory_platform",
			"sysActiveDom":	"standalone_domain",
			"sysDefaultDom":	"standalone_domain",
			"domains":	[{
					"domainName":	"standalone_domain",
					"domainDispName":	"standalone on microblaze_0",
					"domainDesc":	"standalone_domain",
					"processors":	"microblaze_0",
					"os":	"standalone",
					"sdxOs":	"standalone",
					"debugEnable":	"False",
					"domRuntimes":	["cpp"],
					"swRepo":	"",
					"mssOsVer":	"7.3",
					"mssFile":	"",
					"md5Digest":	"0540edc0380e511909353a22354a5913",
					"compatibleApp":	"",
					"domType":	"mssDomain",
					"arch":	"32-bit",
					"appSettings":	{
						"appCompilerFlags":	"",
						"appLinkerFlags":	""
					},
					"addedLibs":	[],
					"libOptions":	{
						"libsContainingOptions":	[]
					},
					"prebuiltLibs":	{
						"prebuiltIncPath":	[],
						"prebuiltLibPath":	[]
					},
					"isolation":	{
					}
				}]
		}]
}
TRACE::2022-02-04.11:23:10::SCWPlatform::Clearing the existing platform
TRACE::2022-02-04.11:23:10::SCWSystem::Clearing the existing sysconfig
TRACE::2022-02-04.11:23:10::SCWMssOS::Removing the swdes entry for  C:/Users/ifstu/Vitis/Projects/reflowOS/project_files/vitis/reflow_firmware/memory/fw_memory_platform/microblaze_0/standalone_domain/bsp/system.mss
TRACE::2022-02-04.11:23:10::SCWSystem::Clearing the domains completed.
TRACE::2022-02-04.11:23:10::SCWPlatform::Clearing the opened hw db.
TRACE::2022-02-04.11:23:10::SCWPlatform::DSA given C:/Users/ifstu/Vitis/Projects/reflowOS/project_files/vitis/reflow_firmware/memory/fw_memory_platform/hw/arty_basic.xsa
TRACE::2022-02-04.11:23:10::SCWPlatform::DSA absoulate path C:/Users/ifstu/Vitis/Projects/reflowOS/project_files/vitis/reflow_firmware/memory/fw_memory_platform/hw/arty_basic.xsa
TRACE::2022-02-04.11:23:10::SCWPlatform:: Platform location is C:/Users/ifstu/Vitis/Projects/reflowOS/project_files/vitis/reflow_firmware/memory/fw_memory_platform/hw
TRACE::2022-02-04.11:23:10::SCWPlatform:: Platform Path C:/Users/ifstu/Vitis/Projects/reflowOS/project_files/vitis/reflow_firmware/memory/fw_memory_platform/hw/arty_basic.xsa
TRACE::2022-02-04.11:23:10::SCWPlatform:: Unique name xilinx:arty-a7-35::0.0
TRACE::2022-02-04.11:23:10::SCWPlatform::Removing the HwDB with name C:/Users/ifstu/Vitis/Projects/reflowOS/project_files/vitis/reflow_firmware/memory/fw_memory_platform/hw/arty_basic.xsa
TRACE::2022-02-04.11:23:10::SCWPlatform::Trying to open the hw design at C:/Users/ifstu/Vitis/Projects/reflowOS/project_files/vitis/reflow_firmware/memory/fw_memory_platform/hw/arty_basic.xsa
TRACE::2022-02-04.11:23:10::SCWPlatform::DSA given C:/Users/ifstu/Vitis/Projects/reflowOS/project_files/vitis/reflow_firmware/memory/fw_memory_platform/hw/arty_basic.xsa
TRACE::2022-02-04.11:23:10::SCWPlatform::DSA absoulate path C:/Users/ifstu/Vitis/Projects/reflowOS/project_files/vitis/reflow_firmware/memory/fw_memory_platform/hw/arty_basic.xsa
TRACE::2022-02-04.11:23:10::SCWPlatform::DSA directory C:/Users/ifstu/Vitis/Projects/reflowOS/project_files/vitis/reflow_firmware/memory/fw_memory_platform/hw
TRACE::2022-02-04.11:23:10::SCWPlatform:: Platform Path C:/Users/ifstu/Vitis/Projects/reflowOS/project_files/vitis/reflow_firmware/memory/fw_memory_platform/hw/arty_basic.xsa
TRACE::2022-02-04.11:23:10::SCWPlatform:: Unique name xilinx:arty-a7-35::0.0
TRACE::2022-02-04.11:23:10::SCWPlatform::Do not have an existing db opened. 
TRACE::2022-02-04.11:23:10::SCWPlatform::Opened new HwDB with name basic_design_wrapper_1
TRACE::2022-02-04.11:23:10::SCWReader::Active system found as  fw_memory_platform
TRACE::2022-02-04.11:23:10::SCWReader::Handling sysconfig fw_memory_platform
TRACE::2022-02-04.11:23:10::SCWDomain::checking for install qemu data   : 
TRACE::2022-02-04.11:23:10::SCWPlatform::Trying to open the hw design at C:/Users/ifstu/Vitis/Projects/reflowOS/project_files/vitis/reflow_firmware/memory/fw_memory_platform/hw/arty_basic.xsa
TRACE::2022-02-04.11:23:10::SCWPlatform::DSA given C:/Users/ifstu/Vitis/Projects/reflowOS/project_files/vitis/reflow_firmware/memory/fw_memory_platform/hw/arty_basic.xsa
TRACE::2022-02-04.11:23:10::SCWPlatform::DSA absoulate path C:/Users/ifstu/Vitis/Projects/reflowOS/project_files/vitis/reflow_firmware/memory/fw_memory_platform/hw/arty_basic.xsa
TRACE::2022-02-04.11:23:10::SCWPlatform::DSA directory C:/Users/ifstu/Vitis/Projects/reflowOS/project_files/vitis/reflow_firmware/memory/fw_memory_platform/hw
TRACE::2022-02-04.11:23:10::SCWPlatform:: Platform Path C:/Users/ifstu/Vitis/Projects/reflowOS/project_files/vitis/reflow_firmware/memory/fw_memory_platform/hw/arty_basic.xsa
TRACE::2022-02-04.11:23:10::SCWPlatform:: Unique name xilinx:arty-a7-35::0.0
TRACE::2022-02-04.11:23:10::SCWPlatform::Trying to set the existing hwdb with name basic_design_wrapper_1
TRACE::2022-02-04.11:23:10::SCWPlatform::Opened existing hwdb basic_design_wrapper_1
TRACE::2022-02-04.11:23:10::SCWPlatform::Found the Hw Db part of the input DSA
TRACE::2022-02-04.11:23:10::SCWPlatform::Trying to open the hw design at C:/Users/ifstu/Vitis/Projects/reflowOS/project_files/vitis/reflow_firmware/memory/fw_memory_platform/hw/arty_basic.xsa
TRACE::2022-02-04.11:23:10::SCWPlatform::DSA given C:/Users/ifstu/Vitis/Projects/reflowOS/project_files/vitis/reflow_firmware/memory/fw_memory_platform/hw/arty_basic.xsa
TRACE::2022-02-04.11:23:10::SCWPlatform::DSA absoulate path C:/Users/ifstu/Vitis/Projects/reflowOS/project_files/vitis/reflow_firmware/memory/fw_memory_platform/hw/arty_basic.xsa
TRACE::2022-02-04.11:23:10::SCWPlatform::DSA directory C:/Users/ifstu/Vitis/Projects/reflowOS/project_files/vitis/reflow_firmware/memory/fw_memory_platform/hw
TRACE::2022-02-04.11:23:10::SCWPlatform:: Platform Path C:/Users/ifstu/Vitis/Projects/reflowOS/project_files/vitis/reflow_firmware/memory/fw_memory_platform/hw/arty_basic.xsa
TRACE::2022-02-04.11:23:10::SCWPlatform:: Unique name xilinx:arty-a7-35::0.0
TRACE::2022-02-04.11:23:10::SCWPlatform::Trying to set the existing hwdb with name basic_design_wrapper_1
TRACE::2022-02-04.11:23:10::SCWPlatform::Opened existing hwdb basic_design_wrapper_1
TRACE::2022-02-04.11:23:10::SCWPlatform::Found the Hw Db part of the input DSA
TRACE::2022-02-04.11:23:10::SCWPlatform::Trying to open the hw design at C:/Users/ifstu/Vitis/Projects/reflowOS/project_files/vitis/reflow_firmware/memory/fw_memory_platform/hw/arty_basic.xsa
TRACE::2022-02-04.11:23:10::SCWPlatform::DSA given C:/Users/ifstu/Vitis/Projects/reflowOS/project_files/vitis/reflow_firmware/memory/fw_memory_platform/hw/arty_basic.xsa
TRACE::2022-02-04.11:23:10::SCWPlatform::DSA absoulate path C:/Users/ifstu/Vitis/Projects/reflowOS/project_files/vitis/reflow_firmware/memory/fw_memory_platform/hw/arty_basic.xsa
TRACE::2022-02-04.11:23:10::SCWPlatform::DSA directory C:/Users/ifstu/Vitis/Projects/reflowOS/project_files/vitis/reflow_firmware/memory/fw_memory_platform/hw
TRACE::2022-02-04.11:23:10::SCWPlatform:: Platform Path C:/Users/ifstu/Vitis/Projects/reflowOS/project_files/vitis/reflow_firmware/memory/fw_memory_platform/hw/arty_basic.xsa
TRACE::2022-02-04.11:23:10::SCWPlatform:: Unique name xilinx:arty-a7-35::0.0
TRACE::2022-02-04.11:23:10::SCWPlatform::Trying to set the existing hwdb with name basic_design_wrapper_1
TRACE::2022-02-04.11:23:10::SCWPlatform::Opened existing hwdb basic_design_wrapper_1
TRACE::2022-02-04.11:23:10::SCWPlatform::Found the Hw Db part of the input DSA
TRACE::2022-02-04.11:23:10::SCWPlatform::Trying to open the hw design at C:/Users/ifstu/Vitis/Projects/reflowOS/project_files/vitis/reflow_firmware/memory/fw_memory_platform/hw/arty_basic.xsa
TRACE::2022-02-04.11:23:10::SCWPlatform::DSA given C:/Users/ifstu/Vitis/Projects/reflowOS/project_files/vitis/reflow_firmware/memory/fw_memory_platform/hw/arty_basic.xsa
TRACE::2022-02-04.11:23:10::SCWPlatform::DSA absoulate path C:/Users/ifstu/Vitis/Projects/reflowOS/project_files/vitis/reflow_firmware/memory/fw_memory_platform/hw/arty_basic.xsa
TRACE::2022-02-04.11:23:10::SCWPlatform::DSA directory C:/Users/ifstu/Vitis/Projects/reflowOS/project_files/vitis/reflow_firmware/memory/fw_memory_platform/hw
TRACE::2022-02-04.11:23:10::SCWPlatform:: Platform Path C:/Users/ifstu/Vitis/Projects/reflowOS/project_files/vitis/reflow_firmware/memory/fw_memory_platform/hw/arty_basic.xsa
TRACE::2022-02-04.11:23:10::SCWPlatform:: Unique name xilinx:arty-a7-35::0.0
TRACE::2022-02-04.11:23:10::SCWPlatform::Trying to set the existing hwdb with name basic_design_wrapper_1
TRACE::2022-02-04.11:23:10::SCWPlatform::Opened existing hwdb basic_design_wrapper_1
TRACE::2022-02-04.11:23:10::SCWPlatform::Found the Hw Db part of the input DSA
TRACE::2022-02-04.11:23:10::SCWMssOS::Checking the sw design at  C:/Users/ifstu/Vitis/Projects/reflowOS/project_files/vitis/reflow_firmware/memory/fw_memory_platform/microblaze_0/standalone_domain/bsp/system.mss
TRACE::2022-02-04.11:23:10::SCWMssOS::DEBUG:  swdes dump  
TRACE::2022-02-04.11:23:10::SCWMssOS::No sw design opened at  C:/Users/ifstu/Vitis/Projects/reflowOS/project_files/vitis/reflow_firmware/memory/fw_memory_platform/microblaze_0/standalone_domain/bsp/system.mss
TRACE::2022-02-04.11:23:10::SCWMssOS::mss exists loading the mss file  C:/Users/ifstu/Vitis/Projects/reflowOS/project_files/vitis/reflow_firmware/memory/fw_memory_platform/microblaze_0/standalone_domain/bsp/system.mss
TRACE::2022-02-04.11:23:10::SCWMssOS::Opened the sw design from mss  C:/Users/ifstu/Vitis/Projects/reflowOS/project_files/vitis/reflow_firmware/memory/fw_memory_platform/microblaze_0/standalone_domain/bsp/system.mss
TRACE::2022-02-04.11:23:10::SCWMssOS::Adding the swdes entry C:/Users/ifstu/Vitis/Projects/reflowOS/project_files/vitis/reflow_firmware/memory/fw_memory_platform/microblaze_0/standalone_domain/bsp/system.mss with des name system
TRACE::2022-02-04.11:23:10::SCWMssOS::updating the scw layer about changes
TRACE::2022-02-04.11:23:10::SCWMssOS::Opened the sw design.  C:/Users/ifstu/Vitis/Projects/reflowOS/project_files/vitis/reflow_firmware/memory/fw_memory_platform/microblaze_0/standalone_domain/bsp/system.mss
TRACE::2022-02-04.11:23:10::SCWMssOS::Saving the mss changes C:/Users/ifstu/Vitis/Projects/reflowOS/project_files/vitis/reflow_firmware/memory/fw_memory_platform/microblaze_0/standalone_domain/bsp/system.mss
TRACE::2022-02-04.11:23:10::SCWMssOS::Found a swdesign opened with the mssfile.
TRACE::2022-02-04.11:23:10::SCWMssOS::Completed writemss as part of save.
TRACE::2022-02-04.11:23:10::SCWMssOS::Commit changes completed.
TRACE::2022-02-04.11:23:10::SCWReader::Adding prebuilt librarypaths as   
TRACE::2022-02-04.11:23:10::SCWReader::Adding prebuilt incpaths  as   
TRACE::2022-02-04.11:23:10::SCWPlatform::Trying to open the hw design at C:/Users/ifstu/Vitis/Projects/reflowOS/project_files/vitis/reflow_firmware/memory/fw_memory_platform/hw/arty_basic.xsa
TRACE::2022-02-04.11:23:10::SCWPlatform::DSA given C:/Users/ifstu/Vitis/Projects/reflowOS/project_files/vitis/reflow_firmware/memory/fw_memory_platform/hw/arty_basic.xsa
TRACE::2022-02-04.11:23:10::SCWPlatform::DSA absoulate path C:/Users/ifstu/Vitis/Projects/reflowOS/project_files/vitis/reflow_firmware/memory/fw_memory_platform/hw/arty_basic.xsa
TRACE::2022-02-04.11:23:10::SCWPlatform::DSA directory C:/Users/ifstu/Vitis/Projects/reflowOS/project_files/vitis/reflow_firmware/memory/fw_memory_platform/hw
TRACE::2022-02-04.11:23:10::SCWPlatform:: Platform Path C:/Users/ifstu/Vitis/Projects/reflowOS/project_files/vitis/reflow_firmware/memory/fw_memory_platform/hw/arty_basic.xsa
TRACE::2022-02-04.11:23:10::SCWPlatform:: Unique name xilinx:arty-a7-35::0.0
TRACE::2022-02-04.11:23:10::SCWPlatform::Trying to set the existing hwdb with name basic_design_wrapper_1
TRACE::2022-02-04.11:23:10::SCWPlatform::Opened existing hwdb basic_design_wrapper_1
TRACE::2022-02-04.11:23:10::SCWPlatform::Found the Hw Db part of the input DSA
TRACE::2022-02-04.11:23:10::SCWMssOS::Checking the sw design at  C:/Users/ifstu/Vitis/Projects/reflowOS/project_files/vitis/reflow_firmware/memory/fw_memory_platform/microblaze_0/standalone_domain/bsp/system.mss
TRACE::2022-02-04.11:23:10::SCWMssOS::DEBUG:  swdes dump  C:/Users/ifstu/Vitis/Projects/reflowOS/project_files/vitis/reflow_firmware/memory/fw_memory_platform/microblaze_0/standalone_domain/bsp/system.mss|system||

TRACE::2022-02-04.11:23:10::SCWMssOS::Sw design exists and opened at  C:/Users/ifstu/Vitis/Projects/reflowOS/project_files/vitis/reflow_firmware/memory/fw_memory_platform/microblaze_0/standalone_domain/bsp/system.mss
TRACE::2022-02-04.11:23:10::SCWReader::No isolation master present  
LOG::2022-02-04.11:23:16::SCWPlatform::Started generating the artifacts platform fw_memory_platform
TRACE::2022-02-04.11:23:16::SCWPlatform::Sanity checking of platform is completed
LOG::2022-02-04.11:23:16::SCWPlatform::Started generating the artifacts for system configuration fw_memory_platform
LOG::2022-02-04.11:23:16::SCWSystem::Checking the domain standalone_domain
LOG::2022-02-04.11:23:16::SCWSystem::Not a boot domain 
LOG::2022-02-04.11:23:16::SCWSystem::Started Processing the domain standalone_domain
TRACE::2022-02-04.11:23:16::SCWDomain::Generating domain artifcats
TRACE::2022-02-04.11:23:16::SCWMssOS::Generating standalone artifcats
TRACE::2022-02-04.11:23:16::SCWMssOS:: Copying the user libraries. 
TRACE::2022-02-04.11:23:16::SCWPlatform::Trying to open the hw design at C:/Users/ifstu/Vitis/Projects/reflowOS/project_files/vitis/reflow_firmware/memory/fw_memory_platform/hw/arty_basic.xsa
TRACE::2022-02-04.11:23:16::SCWPlatform::DSA given C:/Users/ifstu/Vitis/Projects/reflowOS/project_files/vitis/reflow_firmware/memory/fw_memory_platform/hw/arty_basic.xsa
TRACE::2022-02-04.11:23:16::SCWPlatform::DSA absoulate path C:/Users/ifstu/Vitis/Projects/reflowOS/project_files/vitis/reflow_firmware/memory/fw_memory_platform/hw/arty_basic.xsa
TRACE::2022-02-04.11:23:16::SCWPlatform::DSA directory C:/Users/ifstu/Vitis/Projects/reflowOS/project_files/vitis/reflow_firmware/memory/fw_memory_platform/hw
TRACE::2022-02-04.11:23:16::SCWPlatform:: Platform Path C:/Users/ifstu/Vitis/Projects/reflowOS/project_files/vitis/reflow_firmware/memory/fw_memory_platform/hw/arty_basic.xsa
TRACE::2022-02-04.11:23:16::SCWPlatform:: Unique name xilinx:arty-a7-35::0.0
TRACE::2022-02-04.11:23:16::SCWPlatform::Trying to set the existing hwdb with name basic_design_wrapper_1
TRACE::2022-02-04.11:23:16::SCWPlatform::Opened existing hwdb basic_design_wrapper_1
TRACE::2022-02-04.11:23:16::SCWPlatform::Found the Hw Db part of the input DSA
TRACE::2022-02-04.11:23:16::SCWMssOS::Checking the sw design at  C:/Users/ifstu/Vitis/Projects/reflowOS/project_files/vitis/reflow_firmware/memory/fw_memory_platform/microblaze_0/standalone_domain/bsp/system.mss
TRACE::2022-02-04.11:23:16::SCWMssOS::DEBUG:  swdes dump  C:/Users/ifstu/Vitis/Projects/reflowOS/project_files/vitis/reflow_firmware/memory/fw_memory_platform/microblaze_0/standalone_domain/bsp/system.mss|system||

TRACE::2022-02-04.11:23:16::SCWMssOS::Sw design exists and opened at  C:/Users/ifstu/Vitis/Projects/reflowOS/project_files/vitis/reflow_firmware/memory/fw_memory_platform/microblaze_0/standalone_domain/bsp/system.mss
TRACE::2022-02-04.11:23:16::SCWMssOS::Completed writing the mss file at C:/Users/ifstu/Vitis/Projects/reflowOS/project_files/vitis/reflow_firmware/memory/fw_memory_platform/microblaze_0/standalone_domain/bsp
TRACE::2022-02-04.11:23:16::SCWMssOS::Mss edits present, copying mssfile into export location C:/Users/ifstu/Vitis/Projects/reflowOS/project_files/vitis/reflow_firmware/memory/fw_memory_platform/microblaze_0/standalone_domain/bsp/system.mss
TRACE::2022-02-04.11:23:16::SCWMssOS::bsp generated is upto date with the mss file. Skipping bsp generation.
TRACE::2022-02-04.11:23:16::SCWMssOS::BSP is already built. skipping the bsp build ... 
TRACE::2022-02-04.11:23:16::SCWDomain::Building the domain as part of full build :  standalone_domain
TRACE::2022-02-04.11:23:16::SCWMssOS::doing bsp build ... 
TRACE::2022-02-04.11:23:16::SCWMssOS::System Command Ran  C: & cd  C:/Users/ifstu/Vitis/Projects/reflowOS/project_files/vitis/reflow_firmware/memory/fw_memory_platform/microblaze_0/standalone_domain/bsp & make 
TRACE::2022-02-04.11:23:16::SCWMssOS::make --no-print-directory seq_libs

TRACE::2022-02-04.11:23:16::SCWMssOS::'Finished building libraries sequentially.'

TRACE::2022-02-04.11:23:16::SCWMssOS::make -j --no-print-directory par_libs

TRACE::2022-02-04.11:23:16::SCWMssOS::"Running Make include in microblaze_0/libsrc/bram_v4_5/src"

TRACE::2022-02-04.11:23:16::SCWMssOS::make -C microblaze_0/libsrc/bram_v4_5/src -s include  "SHELL=CMD" "COMPILER=mb-gcc" "ASSEMBLER=mb-as" "ARCHIVER=mb-ar" "COMPILE
TRACE::2022-02-04.11:23:16::SCWMssOS::R_FLAGS=  -O2 -c -mcpu=v11.0 -mhard-float -mlittle-endian -mno-xl-soft-mul -mxl-float-convert -mxl-float-sqrt" "EXTRA_COMPILER_
TRACE::2022-02-04.11:23:16::SCWMssOS::FLAGS=-g -ffunction-sections -fdata-sections -Wall -Wextra"

TRACE::2022-02-04.11:23:16::SCWMssOS::"Running Make include in microblaze_0/libsrc/cpu_v2_12/src"

TRACE::2022-02-04.11:23:16::SCWMssOS::make -C microblaze_0/libsrc/cpu_v2_12/src -s include  "SHELL=CMD" "COMPILER=mb-gcc" "ASSEMBLER=mb-as" "ARCHIVER=mb-ar" "COMPILE
TRACE::2022-02-04.11:23:16::SCWMssOS::R_FLAGS=  -O2 -c -mcpu=v11.0 -mhard-float -mlittle-endian -mno-xl-soft-mul -mxl-float-convert -mxl-float-sqrt" "EXTRA_COMPILER_
TRACE::2022-02-04.11:23:16::SCWMssOS::FLAGS=-g -ffunction-sections -fdata-sections -Wall -Wextra"

TRACE::2022-02-04.11:23:16::SCWMssOS::"Running Make include in microblaze_0/libsrc/emaclite_v4_6/src"

TRACE::2022-02-04.11:23:16::SCWMssOS::make -C microblaze_0/libsrc/emaclite_v4_6/src -s include  "SHELL=CMD" "COMPILER=mb-gcc" "ASSEMBLER=mb-as" "ARCHIVER=mb-ar" "COM
TRACE::2022-02-04.11:23:16::SCWMssOS::PILER_FLAGS=  -O2 -c -mcpu=v11.0 -mhard-float -mlittle-endian -mno-xl-soft-mul -mxl-float-convert -mxl-float-sqrt" "EXTRA_COMPI
TRACE::2022-02-04.11:23:16::SCWMssOS::LER_FLAGS=-g -ffunction-sections -fdata-sections -Wall -Wextra"

TRACE::2022-02-04.11:23:16::SCWMssOS::"Running Make include in microblaze_0/libsrc/intc_v3_12/src"

TRACE::2022-02-04.11:23:16::SCWMssOS::make -C microblaze_0/libsrc/intc_v3_12/src -s include  "SHELL=CMD" "COMPILER=mb-gcc" "ASSEMBLER=mb-as" "ARCHIVER=mb-ar" "COMPIL
TRACE::2022-02-04.11:23:16::SCWMssOS::ER_FLAGS=  -O2 -c -mcpu=v11.0 -mhard-float -mlittle-endian -mno-xl-soft-mul -mxl-float-convert -mxl-float-sqrt" "EXTRA_COMPILER
TRACE::2022-02-04.11:23:16::SCWMssOS::_FLAGS=-g -ffunction-sections -fdata-sections -Wall -Wextra"

TRACE::2022-02-04.11:23:16::SCWMssOS::"Running Make include in microblaze_0/libsrc/standalone_v7_3/src"

TRACE::2022-02-04.11:23:16::SCWMssOS::make -C microblaze_0/libsrc/standalone_v7_3/src -s include  "SHELL=CMD" "COMPILER=mb-gcc" "ASSEMBLER=mb-as" "ARCHIVER=mb-ar" "C
TRACE::2022-02-04.11:23:16::SCWMssOS::OMPILER_FLAGS=  -O2 -c -mcpu=v11.0 -mhard-float -mlittle-endian -mno-xl-soft-mul -mxl-float-convert -mxl-float-sqrt" "EXTRA_COM
TRACE::2022-02-04.11:23:16::SCWMssOS::PILER_FLAGS=-g -ffunction-sections -fdata-sections -Wall -Wextra"

TRACE::2022-02-04.11:23:16::SCWMssOS::"Running Make include in microblaze_0/libsrc/tmrctr_v4_7/src"

TRACE::2022-02-04.11:23:16::SCWMssOS::make -C microblaze_0/libsrc/tmrctr_v4_7/src -s include  "SHELL=CMD" "COMPILER=mb-gcc" "ASSEMBLER=mb-as" "ARCHIVER=mb-ar" "COMPI
TRACE::2022-02-04.11:23:16::SCWMssOS::LER_FLAGS=  -O2 -c -mcpu=v11.0 -mhard-float -mlittle-endian -mno-xl-soft-mul -mxl-float-convert -mxl-float-sqrt" "EXTRA_COMPILE
TRACE::2022-02-04.11:23:16::SCWMssOS::R_FLAGS=-g -ffunction-sections -fdata-sections -Wall -Wextra"

TRACE::2022-02-04.11:23:16::SCWMssOS::"Running Make include in microblaze_0/libsrc/uartlite_v3_5/src"

TRACE::2022-02-04.11:23:16::SCWMssOS::make -C microblaze_0/libsrc/uartlite_v3_5/src -s include  "SHELL=CMD" "COMPILER=mb-gcc" "ASSEMBLER=mb-as" "ARCHIVER=mb-ar" "COM
TRACE::2022-02-04.11:23:16::SCWMssOS::PILER_FLAGS=  -O2 -c -mcpu=v11.0 -mhard-float -mlittle-endian -mno-xl-soft-mul -mxl-float-convert -mxl-float-sqrt" "EXTRA_COMPI
TRACE::2022-02-04.11:23:16::SCWMssOS::LER_FLAGS=-g -ffunction-sections -fdata-sections -Wall -Wextra"

TRACE::2022-02-04.11:23:17::SCWMssOS::"Running Make libs in microblaze_0/libsrc/bram_v4_5/src"

TRACE::2022-02-04.11:23:17::SCWMssOS::make -C microblaze_0/libsrc/bram_v4_5/src -s libs  "SHELL=CMD" "COMPILER=mb-gcc" "ASSEMBLER=mb-as" "ARCHIVER=mb-ar" "COMPILER_F
TRACE::2022-02-04.11:23:17::SCWMssOS::LAGS=  -O2 -c -mcpu=v11.0 -mhard-float -mlittle-endian -mno-xl-soft-mul -mxl-float-convert -mxl-float-sqrt" "EXTRA_COMPILER_FLA
TRACE::2022-02-04.11:23:17::SCWMssOS::GS=-g -ffunction-sections -fdata-sections -Wall -Wextra"

TRACE::2022-02-04.11:23:17::SCWMssOS::"Running Make libs in microblaze_0/libsrc/cpu_v2_12/src"

TRACE::2022-02-04.11:23:17::SCWMssOS::make -C microblaze_0/libsrc/cpu_v2_12/src -s libs  "SHELL=CMD" "COMPILER=mb-gcc" "ASSEMBLER=mb-as" "ARCHIVER=mb-ar" "COMPILER_F
TRACE::2022-02-04.11:23:17::SCWMssOS::LAGS=  -O2 -c -mcpu=v11.0 -mhard-float -mlittle-endian -mno-xl-soft-mul -mxl-float-convert -mxl-float-sqrt" "EXTRA_COMPILER_FLA
TRACE::2022-02-04.11:23:17::SCWMssOS::GS=-g -ffunction-sections -fdata-sections -Wall -Wextra"

TRACE::2022-02-04.11:23:17::SCWMssOS::"Running Make libs in microblaze_0/libsrc/emaclite_v4_6/src"

TRACE::2022-02-04.11:23:17::SCWMssOS::make -C microblaze_0/libsrc/emaclite_v4_6/src -s libs  "SHELL=CMD" "COMPILER=mb-gcc" "ASSEMBLER=mb-as" "ARCHIVER=mb-ar" "COMPIL
TRACE::2022-02-04.11:23:17::SCWMssOS::ER_FLAGS=  -O2 -c -mcpu=v11.0 -mhard-float -mlittle-endian -mno-xl-soft-mul -mxl-float-convert -mxl-float-sqrt" "EXTRA_COMPILER
TRACE::2022-02-04.11:23:17::SCWMssOS::_FLAGS=-g -ffunction-sections -fdata-sections -Wall -Wextra"

TRACE::2022-02-04.11:23:17::SCWMssOS::"Running Make libs in microblaze_0/libsrc/intc_v3_12/src"

TRACE::2022-02-04.11:23:17::SCWMssOS::make -C microblaze_0/libsrc/intc_v3_12/src -s libs  "SHELL=CMD" "COMPILER=mb-gcc" "ASSEMBLER=mb-as" "ARCHIVER=mb-ar" "COMPILER_
TRACE::2022-02-04.11:23:17::SCWMssOS::FLAGS=  -O2 -c -mcpu=v11.0 -mhard-float -mlittle-endian -mno-xl-soft-mul -mxl-float-convert -mxl-float-sqrt" "EXTRA_COMPILER_FL
TRACE::2022-02-04.11:23:17::SCWMssOS::AGS=-g -ffunction-sections -fdata-sections -Wall -Wextra"

TRACE::2022-02-04.11:23:17::SCWMssOS::"Running Make libs in microblaze_0/libsrc/standalone_v7_3/src"

TRACE::2022-02-04.11:23:17::SCWMssOS::make -C microblaze_0/libsrc/standalone_v7_3/src -s libs  "SHELL=CMD" "COMPILER=mb-gcc" "ASSEMBLER=mb-as" "ARCHIVER=mb-ar" "COMP
TRACE::2022-02-04.11:23:17::SCWMssOS::ILER_FLAGS=  -O2 -c -mcpu=v11.0 -mhard-float -mlittle-endian -mno-xl-soft-mul -mxl-float-convert -mxl-float-sqrt" "EXTRA_COMPIL
TRACE::2022-02-04.11:23:17::SCWMssOS::ER_FLAGS=-g -ffunction-sections -fdata-sections -Wall -Wextra"

TRACE::2022-02-04.11:23:17::SCWMssOS::"Running Make libs in microblaze_0/libsrc/tmrctr_v4_7/src"

TRACE::2022-02-04.11:23:17::SCWMssOS::make -C microblaze_0/libsrc/tmrctr_v4_7/src -s libs  "SHELL=CMD" "COMPILER=mb-gcc" "ASSEMBLER=mb-as" "ARCHIVER=mb-ar" "COMPILER
TRACE::2022-02-04.11:23:17::SCWMssOS::_FLAGS=  -O2 -c -mcpu=v11.0 -mhard-float -mlittle-endian -mno-xl-soft-mul -mxl-float-convert -mxl-float-sqrt" "EXTRA_COMPILER_F
TRACE::2022-02-04.11:23:17::SCWMssOS::LAGS=-g -ffunction-sections -fdata-sections -Wall -Wextra"

TRACE::2022-02-04.11:23:17::SCWMssOS::"Running Make libs in microblaze_0/libsrc/uartlite_v3_5/src"

TRACE::2022-02-04.11:23:17::SCWMssOS::make -C microblaze_0/libsrc/uartlite_v3_5/src -s libs  "SHELL=CMD" "COMPILER=mb-gcc" "ASSEMBLER=mb-as" "ARCHIVER=mb-ar" "COMPIL
TRACE::2022-02-04.11:23:17::SCWMssOS::ER_FLAGS=  -O2 -c -mcpu=v11.0 -mhard-float -mlittle-endian -mno-xl-soft-mul -mxl-float-convert -mxl-float-sqrt" "EXTRA_COMPILER
TRACE::2022-02-04.11:23:17::SCWMssOS::_FLAGS=-g -ffunction-sections -fdata-sections -Wall -Wextra"

TRACE::2022-02-04.11:23:17::SCWMssOS::"DEBUG NON_LTO_OBJECTS is ../../../lib/microblaze_interrupt_handler.o"

TRACE::2022-02-04.11:23:18::SCWMssOS::'Finished building libraries parallelly.'

TRACE::2022-02-04.11:23:18::SCWMssOS::make --no-print-directory archive

TRACE::2022-02-04.11:23:18::SCWMssOS::mb-ar -r  microblaze_0/lib/libxil.a microblaze_0/lib/xplatform_info.o microblaze_0/lib/xuartlite.o microblaze_0/lib/microblaze_
TRACE::2022-02-04.11:23:18::SCWMssOS::disable_exceptions.o microblaze_0/lib/print.o microblaze_0/lib/xemaclite_intr.o microblaze_0/lib/xtmrctr_options.o microblaze_0
TRACE::2022-02-04.11:23:18::SCWMssOS::/lib/_exit.o microblaze_0/lib/xil_testio.o microblaze_0/lib/microblaze_disable_dcache.o microblaze_0/lib/microblaze_flush_dcach
TRACE::2022-02-04.11:23:18::SCWMssOS::e_range.o microblaze_0/lib/xuartlite_sinit.o microblaze_0/lib/microblaze_flush_cache_ext.o microblaze_0/lib/xil_misc_psreset_ap
TRACE::2022-02-04.11:23:18::SCWMssOS::i.o microblaze_0/lib/xtmrctr.o microblaze_0/lib/xil_cache.o microblaze_0/lib/inbyte.o microblaze_0/lib/xbram_g.o microblaze_0/l
TRACE::2022-02-04.11:23:18::SCWMssOS::ib/xuartlite_stats.o microblaze_0/lib/microblaze_exception_handler.o microblaze_0/lib/xbram_sinit.o microblaze_0/lib/microblaze
TRACE::2022-02-04.11:23:18::SCWMssOS::_scrub.o microblaze_0/lib/microblaze_invalidate_dcache.o microblaze_0/lib/microblaze_disable_interrupts.o microblaze_0/lib/xbra
TRACE::2022-02-04.11:23:18::SCWMssOS::m_selftest.o microblaze_0/lib/microblaze_interrupt_handler.o microblaze_0/lib/microblaze_disable_icache.o microblaze_0/lib/xil_
TRACE::2022-02-04.11:23:18::SCWMssOS::mem.o microblaze_0/lib/xemaclite.o microblaze_0/lib/xuartlite_intr.o microblaze_0/lib/microblaze_flush_cache_ext_range.o microb
TRACE::2022-02-04.11:23:18::SCWMssOS::laze_0/lib/xbram_intr.o microblaze_0/lib/xil_sleepcommon.o microblaze_0/lib/xil_printf.o microblaze_0/lib/xintc_g.o microblaze_
TRACE::2022-02-04.11:23:18::SCWMssOS::0/lib/xuartlite_g.o microblaze_0/lib/xemaclite_g.o microblaze_0/lib/xintc_selftest.o microblaze_0/lib/xintc_l.o microblaze_0/li
TRACE::2022-02-04.11:23:18::SCWMssOS::b/outbyte.o microblaze_0/lib/xtmrctr_intr.o microblaze_0/lib/microblaze_invalidate_dcache_range.o microblaze_0/lib/microblaze_i
TRACE::2022-02-04.11:23:18::SCWMssOS::nvalidate_cache_ext.o microblaze_0/lib/microblaze_update_icache.o microblaze_0/lib/microblaze_sleep.o microblaze_0/lib/hw_excep
TRACE::2022-02-04.11:23:18::SCWMssOS::tion_handler.o microblaze_0/lib/xuartlite_selftest.o microblaze_0/lib/microblaze_update_dcache.o microblaze_0/lib/xil_testcache
TRACE::2022-02-04.11:23:18::SCWMssOS::.o microblaze_0/lib/microblaze_selftest.o microblaze_0/lib/microblaze_interrupts_g.o microblaze_0/lib/microblaze_enable_excepti
TRACE::2022-02-04.11:23:18::SCWMssOS::ons.o microblaze_0/lib/xio.o microblaze_0/lib/xtmrctr_g.o microblaze_0/lib/microblaze_enable_dcache.o microblaze_0/lib/xbram.o 
TRACE::2022-02-04.11:23:18::SCWMssOS::microblaze_0/lib/microblaze_invalidate_icache_range.o microblaze_0/lib/xtmrctr_selftest.o microblaze_0/lib/microblaze_init_dcac
TRACE::2022-02-04.11:23:18::SCWMssOS::he_range.o microblaze_0/lib/microblaze_invalidate_icache.o microblaze_0/lib/errno.o microblaze_0/lib/xuartlite_l.o microblaze_0
TRACE::2022-02-04.11:23:18::SCWMssOS::/lib/xil_util.o microblaze_0/lib/xintc_options.o microblaze_0/lib/microblaze_invalidate_cache_ext_range.o microblaze_0/lib/xint
TRACE::2022-02-04.11:23:18::SCWMssOS::c_intr.o microblaze_0/lib/xil_exception.o microblaze_0/lib/pvr.o microblaze_0/lib/xtmrctr_l.o microblaze_0/lib/xil_testmem.o mi
TRACE::2022-02-04.11:23:18::SCWMssOS::croblaze_0/lib/xemaclite_l.o microblaze_0/lib/microblaze_flush_dcache.o microblaze_0/lib/xil_clocking.o microblaze_0/lib/xil_as
TRACE::2022-02-04.11:23:18::SCWMssOS::sert.o microblaze_0/lib/microblaze_enable_interrupts.o microblaze_0/lib/xemaclite_sinit.o microblaze_0/lib/microblaze_enable_ic
TRACE::2022-02-04.11:23:18::SCWMssOS::ache.o microblaze_0/lib/xintc.o microblaze_0/lib/xemaclite_selftest.o microblaze_0/lib/xtmrctr_stats.o microblaze_0/lib/xtmrctr
TRACE::2022-02-04.11:23:18::SCWMssOS::_sinit.o microblaze_0/lib/fcntl.o microblaze_0/lib/microblaze_init_icache_range.o

TRACE::2022-02-04.11:23:18::SCWMssOS::'Finished building libraries'

TRACE::2022-02-04.11:23:18::SCWMssOS::Copying to export directory.
TRACE::2022-02-04.11:23:19::SCWMssOS:: Checking if to create the Supporting Applications
TRACE::2022-02-04.11:23:19::SCWMssOS:: No Linux domain exists, trying to generate FSBL 
LOG::2022-02-04.11:23:19::SCWSystem::Completed Processing the domain standalone_domain
LOG::2022-02-04.11:23:19::SCWSystem::Completed Processing the sysconfig fw_memory_platform
LOG::2022-02-04.11:23:19::SCWPlatform::Completed generating the artifacts for system configuration fw_memory_platform
TRACE::2022-02-04.11:23:19::SCWPlatform::Started preparing the platform 
TRACE::2022-02-04.11:23:19::SCWSystem::Writing the bif file for system config fw_memory_platform
TRACE::2022-02-04.11:23:19::SCWSystem::dir created 
TRACE::2022-02-04.11:23:19::SCWSystem::Writing the bif 
TRACE::2022-02-04.11:23:19::SCWPlatform::Started writing the spfm file 
TRACE::2022-02-04.11:23:19::SCWPlatform::Started writing the xpfm file 
TRACE::2022-02-04.11:23:19::SCWPlatform::Completed generating the platform
TRACE::2022-02-04.11:23:19::SCWMssOS::Saving the mss changes C:/Users/ifstu/Vitis/Projects/reflowOS/project_files/vitis/reflow_firmware/memory/fw_memory_platform/microblaze_0/standalone_domain/bsp/system.mss
TRACE::2022-02-04.11:23:19::SCWMssOS::Found a swdesign opened with the mssfile.
TRACE::2022-02-04.11:23:19::SCWMssOS::Completed writemss as part of save.
TRACE::2022-02-04.11:23:19::SCWMssOS::Commit changes completed.
TRACE::2022-02-04.11:23:19::SCWPlatform::Trying to open the hw design at C:/Users/ifstu/Vitis/Projects/reflowOS/project_files/vitis/reflow_firmware/memory/fw_memory_platform/hw/arty_basic.xsa
TRACE::2022-02-04.11:23:19::SCWPlatform::DSA given C:/Users/ifstu/Vitis/Projects/reflowOS/project_files/vitis/reflow_firmware/memory/fw_memory_platform/hw/arty_basic.xsa
TRACE::2022-02-04.11:23:19::SCWPlatform::DSA absoulate path C:/Users/ifstu/Vitis/Projects/reflowOS/project_files/vitis/reflow_firmware/memory/fw_memory_platform/hw/arty_basic.xsa
TRACE::2022-02-04.11:23:19::SCWPlatform::DSA directory C:/Users/ifstu/Vitis/Projects/reflowOS/project_files/vitis/reflow_firmware/memory/fw_memory_platform/hw
TRACE::2022-02-04.11:23:19::SCWPlatform:: Platform Path C:/Users/ifstu/Vitis/Projects/reflowOS/project_files/vitis/reflow_firmware/memory/fw_memory_platform/hw/arty_basic.xsa
TRACE::2022-02-04.11:23:19::SCWPlatform:: Unique name xilinx:arty-a7-35::0.0
TRACE::2022-02-04.11:23:19::SCWPlatform::Trying to set the existing hwdb with name basic_design_wrapper_1
TRACE::2022-02-04.11:23:19::SCWPlatform::Opened existing hwdb basic_design_wrapper_1
TRACE::2022-02-04.11:23:19::SCWPlatform::Found the Hw Db part of the input DSA
TRACE::2022-02-04.11:23:19::SCWMssOS::Checking the sw design at  C:/Users/ifstu/Vitis/Projects/reflowOS/project_files/vitis/reflow_firmware/memory/fw_memory_platform/microblaze_0/standalone_domain/bsp/system.mss
TRACE::2022-02-04.11:23:19::SCWMssOS::DEBUG:  swdes dump  C:/Users/ifstu/Vitis/Projects/reflowOS/project_files/vitis/reflow_firmware/memory/fw_memory_platform/microblaze_0/standalone_domain/bsp/system.mss|system||

TRACE::2022-02-04.11:23:19::SCWMssOS::Sw design exists and opened at  C:/Users/ifstu/Vitis/Projects/reflowOS/project_files/vitis/reflow_firmware/memory/fw_memory_platform/microblaze_0/standalone_domain/bsp/system.mss
TRACE::2022-02-04.11:23:19::SCWWriter::formatted JSON is {
	"platformName":	"fw_memory_platform",
	"sprVersion":	"2.0",
	"mode":	"gui",
	"dsaType":	"Fixed",
	"platformDesc":	"fw_memory_platform",
	"platHandOff":	"C:/Users/ifstu/Vitis/Projects/reflow/hardware_export/digilent/artya7/arty_basic.xsa",
	"platIntHandOff":	"<platformDir>/hw/arty_basic.xsa",
	"deviceType":	"FPGA",
	"platIsPrebuiltAutogen":	"false",
	"platIsNoBootBsp":	"false",
	"hasFsblMakeHasChanges":	"false",
	"hasPmufwMakeHasChanges":	"false",
	"platPreBuiltFlag":	false,
	"platformSamplesDir":	"",
	"platActiveSys":	"fw_memory_platform",
	"systems":	[{
			"systemName":	"fw_memory_platform",
			"systemDesc":	"fw_memory_platform",
			"sysIsBootAutoGen":	"true",
			"systemDispName":	"fw_memory_platform",
			"sysActiveDom":	"standalone_domain",
			"sysDefaultDom":	"standalone_domain",
			"domains":	[{
					"domainName":	"standalone_domain",
					"domainDispName":	"standalone on microblaze_0",
					"domainDesc":	"standalone_domain",
					"processors":	"microblaze_0",
					"os":	"standalone",
					"sdxOs":	"standalone",
					"debugEnable":	"False",
					"domRuntimes":	["cpp"],
					"swRepo":	"",
					"mssOsVer":	"7.3",
					"mssFile":	"",
					"md5Digest":	"0540edc0380e511909353a22354a5913",
					"compatibleApp":	"",
					"domType":	"mssDomain",
					"arch":	"32-bit",
					"appSettings":	{
						"appCompilerFlags":	"",
						"appLinkerFlags":	""
					},
					"addedLibs":	[],
					"libOptions":	{
						"libsContainingOptions":	[]
					},
					"prebuiltLibs":	{
						"prebuiltIncPath":	[],
						"prebuiltLibPath":	[]
					},
					"isolation":	{
					}
				}]
		}]
}
KEYINFO::2022-02-04.11:23:19::SCWPlatform::updated the xpfm file.
TRACE::2022-02-04.11:23:19::SCWPlatform::Trying to open the hw design at C:/Users/ifstu/Vitis/Projects/reflowOS/project_files/vitis/reflow_firmware/memory/fw_memory_platform/hw/arty_basic.xsa
TRACE::2022-02-04.11:23:19::SCWPlatform::DSA given C:/Users/ifstu/Vitis/Projects/reflowOS/project_files/vitis/reflow_firmware/memory/fw_memory_platform/hw/arty_basic.xsa
TRACE::2022-02-04.11:23:19::SCWPlatform::DSA absoulate path C:/Users/ifstu/Vitis/Projects/reflowOS/project_files/vitis/reflow_firmware/memory/fw_memory_platform/hw/arty_basic.xsa
TRACE::2022-02-04.11:23:19::SCWPlatform::DSA directory C:/Users/ifstu/Vitis/Projects/reflowOS/project_files/vitis/reflow_firmware/memory/fw_memory_platform/hw
TRACE::2022-02-04.11:23:19::SCWPlatform:: Platform Path C:/Users/ifstu/Vitis/Projects/reflowOS/project_files/vitis/reflow_firmware/memory/fw_memory_platform/hw/arty_basic.xsa
TRACE::2022-02-04.11:23:19::SCWPlatform:: Unique name xilinx:arty-a7-35::0.0
TRACE::2022-02-04.11:23:19::SCWPlatform::Trying to set the existing hwdb with name basic_design_wrapper_1
TRACE::2022-02-04.11:23:19::SCWPlatform::Opened existing hwdb basic_design_wrapper_1
TRACE::2022-02-04.11:23:19::SCWPlatform::Found the Hw Db part of the input DSA
TRACE::2022-02-04.11:23:19::SCWMssOS::Checking the sw design at  C:/Users/ifstu/Vitis/Projects/reflowOS/project_files/vitis/reflow_firmware/memory/fw_memory_platform/microblaze_0/standalone_domain/bsp/system.mss
TRACE::2022-02-04.11:23:19::SCWMssOS::DEBUG:  swdes dump  C:/Users/ifstu/Vitis/Projects/reflowOS/project_files/vitis/reflow_firmware/memory/fw_memory_platform/microblaze_0/standalone_domain/bsp/system.mss|system||

TRACE::2022-02-04.11:23:19::SCWMssOS::Sw design exists and opened at  C:/Users/ifstu/Vitis/Projects/reflowOS/project_files/vitis/reflow_firmware/memory/fw_memory_platform/microblaze_0/standalone_domain/bsp/system.mss
